#! /usr/local/bin/vvp
:ivl_version "0.9.7 " "(v0_9_7)";
:vpi_time_precision + 0;
:vpi_module "system";
:vpi_module "v2005_math";
:vpi_module "va_math";
S_0xf4fcb0 .scope module, "pencodtest" "pencodtest" 2 1;
 .timescale 0 0;
v0xf85de0_0 .var "d", 7 0;
v0xf85eb0_0 .net "q0", 0 0, v0xf85bf0_0; 1 drivers
v0xf85f60_0 .net "q1", 0 0, v0xf85c90_0; 1 drivers
v0xf86010_0 .net "q2", 0 0, v0xf85d30_0; 1 drivers
S_0xf4fda0 .scope module, "p" "pencod" 2 4, 3 1, S_0xf4fcb0;
 .timescale 0 0;
v0xf73470_0 .net "d", 7 0, v0xf85de0_0; 1 drivers
v0xf85bf0_0 .var "q0", 0 0;
v0xf85c90_0 .var "q1", 0 0;
v0xf85d30_0 .var "q2", 0 0;
E_0xf4cdf0 .event edge, v0xf73470_0;
    .scope S_0xf4fda0;
T_0 ;
    %wait E_0xf4cdf0;
    %load/v 8, v0xf73470_0, 8;
    %mov 16, 2, 1;
    %movi 17, 1, 7;
    %cmp/x 8, 16, 8;
    %jmp/1 T_0.0, 4;
    %mov 24, 2, 2;
    %movi 26, 1, 6;
    %cmp/x 8, 24, 8;
    %jmp/1 T_0.1, 4;
    %mov 32, 2, 3;
    %movi 35, 1, 5;
    %cmp/x 8, 32, 8;
    %jmp/1 T_0.2, 4;
    %mov 40, 2, 4;
    %movi 44, 1, 4;
    %cmp/x 8, 40, 8;
    %jmp/1 T_0.3, 4;
    %mov 48, 2, 5;
    %movi 53, 1, 3;
    %cmp/x 8, 48, 8;
    %jmp/1 T_0.4, 4;
    %mov 56, 2, 6;
    %movi 62, 1, 2;
    %cmp/x 8, 56, 8;
    %jmp/1 T_0.5, 4;
    %mov 64, 2, 7;
    %movi 71, 1, 1;
    %cmp/x 8, 64, 8;
    %jmp/1 T_0.6, 4;
    %set/v v0xf85d30_0, 0, 1;
    %set/v v0xf85c90_0, 0, 1;
    %set/v v0xf85bf0_0, 0, 1;
    %jmp T_0.8;
T_0.0 ;
    %set/v v0xf85bf0_0, 1, 1;
    %jmp T_0.8;
T_0.1 ;
    %set/v v0xf85c90_0, 1, 1;
    %set/v v0xf85bf0_0, 0, 1;
    %jmp T_0.8;
T_0.2 ;
    %set/v v0xf85c90_0, 1, 1;
    %set/v v0xf85bf0_0, 1, 1;
    %jmp T_0.8;
T_0.3 ;
    %set/v v0xf85d30_0, 1, 1;
    %set/v v0xf85c90_0, 0, 1;
    %set/v v0xf85bf0_0, 0, 1;
    %jmp T_0.8;
T_0.4 ;
    %set/v v0xf85bf0_0, 1, 1;
    %jmp T_0.8;
T_0.5 ;
    %set/v v0xf85c90_0, 1, 1;
    %set/v v0xf85bf0_0, 0, 1;
    %jmp T_0.8;
T_0.6 ;
    %set/v v0xf85bf0_0, 1, 1;
    %jmp T_0.8;
T_0.8 ;
    %jmp T_0;
    .thread T_0, $push;
    .scope S_0xf4fcb0;
T_1 ;
    %delay 10, 0;
    %movi 8, 1, 8;
    %set/v v0xf85de0_0, 8, 8;
    %delay 10, 0;
    %mov 8, 2, 1;
    %movi 9, 1, 7;
    %set/v v0xf85de0_0, 8, 8;
    %delay 10, 0;
    %mov 8, 2, 2;
    %movi 10, 1, 6;
    %set/v v0xf85de0_0, 8, 8;
    %delay 10, 0;
    %mov 8, 2, 3;
    %movi 11, 1, 5;
    %set/v v0xf85de0_0, 8, 8;
    %delay 10, 0;
    %mov 8, 2, 4;
    %movi 12, 1, 4;
    %set/v v0xf85de0_0, 8, 8;
    %delay 10, 0;
    %mov 8, 2, 5;
    %movi 13, 1, 3;
    %set/v v0xf85de0_0, 8, 8;
    %delay 10, 0;
    %mov 8, 2, 6;
    %movi 14, 1, 2;
    %set/v v0xf85de0_0, 8, 8;
    %delay 10, 0;
    %mov 8, 2, 7;
    %movi 15, 1, 1;
    %set/v v0xf85de0_0, 8, 8;
    %delay 10, 0;
    %vpi_call 2 14 "$finish";
    %end;
    .thread T_1;
    .scope S_0xf4fcb0;
T_2 ;
    %vpi_call 2 17 "$monitor", $time, " in %b out %b%b%b", v0xf85de0_0, v0xf86010_0, v0xf85f60_0, v0xf85eb0_0;
    %end;
    .thread T_2;
# The file index is used to find the file name in the following table.
:file_names 4;
    "N/A";
    "<interactive>";
    "pencodtest.v";
    "pencod.v";
