#! /usr/local/bin/vvp
:ivl_version "0.9.7 " "(v0_9_7)";
:vpi_time_precision + 0;
:vpi_module "system";
:vpi_module "v2005_math";
:vpi_module "va_math";
S_0x1509d60 .scope module, "encodtest" "encodtest" 2 1;
 .timescale 0 0;
v0x15302b0_0 .net "a0", 0 0, L_0x1530c60; 1 drivers
v0x15304a0_0 .net "a1", 0 0, L_0x1531540; 1 drivers
v0x1530550_0 .var "en", 0 0;
v0x15305d0_0 .var "i", 3 0;
S_0x151a6f0 .scope module, "e" "encoder" 2 5, 3 1, S_0x1509d60;
 .timescale 0 0;
L_0x152f960 .functor OR 1, L_0x15306b0, L_0x1530810, C4<0>, C4<0>;
L_0x15309e0 .functor XNOR 1, v0x1530550_0, C4<1>, C4<0>, C4<0>;
L_0x1530ae0 .functor AND 1, L_0x152f960, L_0x15309e0, C4<1>, C4<1>;
L_0x1531120 .functor OR 1, L_0x1530ec0, L_0x1531030, C4<0>, C4<0>;
L_0x15312b0 .functor XNOR 1, v0x1530550_0, C4<1>, C4<0>, C4<0>;
L_0x1531360 .functor AND 1, L_0x1531120, L_0x15312b0, C4<1>, C4<1>;
v0x151a7e0_0 .net *"_s0", 3 0, C4<0010>; 1 drivers
v0x152f340_0 .net *"_s10", 0 0, C4<1>; 1 drivers
v0x152f3e0_0 .net *"_s12", 0 0, L_0x15309e0; 1 drivers
v0x152f480_0 .net *"_s14", 0 0, L_0x1530ae0; 1 drivers
v0x152f530_0 .net/s *"_s16", 0 0, C4<1>; 1 drivers
v0x152f5d0_0 .net/s *"_s18", 0 0, C4<0>; 1 drivers
v0x152f6b0_0 .net *"_s2", 0 0, L_0x15306b0; 1 drivers
v0x152f750_0 .net *"_s22", 3 0, C4<0100>; 1 drivers
v0x152f840_0 .net *"_s24", 0 0, L_0x1530ec0; 1 drivers
v0x152f8e0_0 .net *"_s26", 3 0, C4<1000>; 1 drivers
v0x152f9e0_0 .net *"_s28", 0 0, L_0x1531030; 1 drivers
v0x152fa80_0 .net *"_s30", 0 0, L_0x1531120; 1 drivers
v0x152fb90_0 .net *"_s32", 0 0, C4<1>; 1 drivers
v0x152fc30_0 .net *"_s34", 0 0, L_0x15312b0; 1 drivers
v0x152fd50_0 .net *"_s36", 0 0, L_0x1531360; 1 drivers
v0x152fdf0_0 .net/s *"_s38", 0 0, C4<1>; 1 drivers
v0x152fcb0_0 .net *"_s4", 3 0, C4<1000>; 1 drivers
v0x152ff40_0 .net/s *"_s40", 0 0, C4<0>; 1 drivers
v0x1530060_0 .net *"_s6", 0 0, L_0x1530810; 1 drivers
v0x15300e0_0 .net *"_s8", 0 0, L_0x152f960; 1 drivers
v0x152ffc0_0 .alias "a0", 0 0, v0x15302b0_0;
v0x1530210_0 .alias "a1", 0 0, v0x15304a0_0;
v0x1530160_0 .net "en", 0 0, v0x1530550_0; 1 drivers
v0x1530350_0 .net "i", 3 0, v0x15305d0_0; 1 drivers
L_0x15306b0 .cmp/eq 4, v0x15305d0_0, C4<0010>;
L_0x1530810 .cmp/eq 4, v0x15305d0_0, C4<1000>;
L_0x1530c60 .functor MUXZ 1, C4<0>, C4<1>, L_0x1530ae0, C4<>;
L_0x1530ec0 .cmp/eq 4, v0x15305d0_0, C4<0100>;
L_0x1531030 .cmp/eq 4, v0x15305d0_0, C4<1000>;
L_0x1531540 .functor MUXZ 1, C4<0>, C4<1>, L_0x1531360, C4<>;
    .scope S_0x1509d60;
T_0 ;
    %delay 10, 0;
    %set/v v0x15305d0_0, 0, 4;
    %set/v v0x1530550_0, 1, 1;
    %delay 10, 0;
    %movi 8, 1, 4;
    %set/v v0x15305d0_0, 8, 4;
    %set/v v0x1530550_0, 1, 1;
    %delay 10, 0;
    %movi 8, 2, 4;
    %set/v v0x15305d0_0, 8, 4;
    %set/v v0x1530550_0, 1, 1;
    %delay 10, 0;
    %movi 8, 4, 4;
    %set/v v0x15305d0_0, 8, 4;
    %set/v v0x1530550_0, 1, 1;
    %delay 10, 0;
    %movi 8, 8, 4;
    %set/v v0x15305d0_0, 8, 4;
    %set/v v0x1530550_0, 1, 1;
    %delay 10, 0;
    %vpi_call 2 12 "$finish";
    %end;
    .thread T_0;
    .scope S_0x1509d60;
T_1 ;
    %vpi_call 2 15 "$monitor", $time, " in %b out %b%b", v0x15305d0_0, v0x15304a0_0, v0x15302b0_0;
    %end;
    .thread T_1;
# The file index is used to find the file name in the following table.
:file_names 4;
    "N/A";
    "<interactive>";
    "encodtest.v";
    "encod.v";
