#! /usr/local/bin/vvp
:ivl_version "0.9.7 " "(v0_9_7)";
:vpi_time_precision + 0;
:vpi_module "system";
:vpi_module "v2005_math";
:vpi_module "va_math";
S_0xff2800 .scope module, "test" "test" 2 1;
 .timescale 0 0;
v0x1005db0_0 .var "d", 7 0;
v0x1005e80_0 .net "q", 2 0, v0x1005d10_0; 1 drivers
S_0xff28f0 .scope module, "p" "priorityfor" 2 4, 3 1, S_0xff2800;
 .timescale 0 0;
v0xff29e0_0 .net "d", 7 0, v0x1005db0_0; 1 drivers
v0x1005bd0_0 .var/i "i", 31 0;
v0x1005c70_0 .alias "q", 2 0, v0x1005e80_0;
v0x1005d10_0 .var "s", 2 0;
E_0xfcd880 .event edge, v0xff29e0_0;
    .scope S_0xff28f0;
T_0 ;
    %wait E_0xfcd880;
    %set/v v0x1005bd0_0, 0, 32;
T_0.0 ;
    %load/v 8, v0x1005bd0_0, 32;
   %cmpi/s 8, 8, 32;
    %jmp/0xz T_0.1, 5;
    %ix/getv/s 1, v0x1005bd0_0;
    %jmp/1 T_0.2, 4;
    %load/x1p 11, v0xff29e0_0, 1;
    %jmp T_0.3;
T_0.2 ;
    %mov 11, 2, 1;
T_0.3 ;
    %mov 8, 11, 1; Move signal select into place
    %mov 9, 0, 2;
    %cmpi/u 8, 1, 3;
    %jmp/0xz  T_0.4, 4;
    %load/v 8, v0x1005bd0_0, 32;
    %cmpi/u 8, 0, 32;
    %jmp/1 T_0.6, 6;
    %cmpi/u 8, 1, 32;
    %jmp/1 T_0.7, 6;
    %cmpi/u 8, 2, 32;
    %jmp/1 T_0.8, 6;
    %cmpi/u 8, 3, 32;
    %jmp/1 T_0.9, 6;
    %cmpi/u 8, 4, 32;
    %jmp/1 T_0.10, 6;
    %cmpi/u 8, 5, 32;
    %jmp/1 T_0.11, 6;
    %cmpi/u 8, 6, 32;
    %jmp/1 T_0.12, 6;
    %cmpi/u 8, 7, 32;
    %jmp/1 T_0.13, 6;
    %set/v v0x1005d10_0, 0, 3;
    %jmp T_0.15;
T_0.6 ;
    %set/v v0x1005d10_0, 0, 3;
    %jmp T_0.15;
T_0.7 ;
    %ix/load 0, 0, 0;
    %set/x0 v0x1005d10_0, 1, 1;
    %jmp T_0.15;
T_0.8 ;
    %ix/load 0, 1, 0;
    %set/x0 v0x1005d10_0, 1, 1;
    %ix/load 0, 0, 0;
    %set/x0 v0x1005d10_0, 0, 1;
    %jmp T_0.15;
T_0.9 ;
    %ix/load 0, 0, 0;
    %set/x0 v0x1005d10_0, 1, 1;
    %jmp T_0.15;
T_0.10 ;
    %ix/load 0, 2, 0;
    %set/x0 v0x1005d10_0, 1, 1;
    %ix/load 0, 1, 0;
    %set/x0 v0x1005d10_0, 0, 1;
    %ix/load 0, 0, 0;
    %set/x0 v0x1005d10_0, 0, 1;
    %jmp T_0.15;
T_0.11 ;
    %ix/load 0, 0, 0;
    %set/x0 v0x1005d10_0, 1, 1;
    %jmp T_0.15;
T_0.12 ;
    %ix/load 0, 1, 0;
    %set/x0 v0x1005d10_0, 1, 1;
    %ix/load 0, 0, 0;
    %set/x0 v0x1005d10_0, 0, 1;
    %jmp T_0.15;
T_0.13 ;
    %ix/load 0, 0, 0;
    %set/x0 v0x1005d10_0, 1, 1;
    %jmp T_0.15;
T_0.15 ;
T_0.4 ;
    %ix/load 0, 1, 0;
    %load/vp0/s 8, v0x1005bd0_0, 32;
    %set/v v0x1005bd0_0, 8, 32;
    %jmp T_0.0;
T_0.1 ;
    %jmp T_0;
    .thread T_0, $push;
    .scope S_0xff2800;
T_1 ;
    %delay 10, 0;
    %movi 8, 1, 8;
    %set/v v0x1005db0_0, 8, 8;
    %delay 10, 0;
    %mov 8, 2, 1;
    %movi 9, 1, 7;
    %set/v v0x1005db0_0, 8, 8;
    %delay 10, 0;
    %mov 8, 2, 2;
    %movi 10, 1, 6;
    %set/v v0x1005db0_0, 8, 8;
    %delay 10, 0;
    %mov 8, 2, 3;
    %movi 11, 1, 5;
    %set/v v0x1005db0_0, 8, 8;
    %delay 10, 0;
    %mov 8, 2, 4;
    %movi 12, 1, 4;
    %set/v v0x1005db0_0, 8, 8;
    %delay 10, 0;
    %mov 8, 2, 5;
    %movi 13, 1, 3;
    %set/v v0x1005db0_0, 8, 8;
    %delay 10, 0;
    %mov 8, 2, 6;
    %movi 14, 1, 2;
    %set/v v0x1005db0_0, 8, 8;
    %delay 10, 0;
    %mov 8, 2, 7;
    %movi 15, 1, 1;
    %set/v v0x1005db0_0, 8, 8;
    %delay 10, 0;
    %vpi_call 2 14 "$finish";
    %end;
    .thread T_1;
    .scope S_0xff2800;
T_2 ;
    %vpi_call 2 17 "$monitor", $time, " in %b out %b", v0x1005db0_0, v0x1005e80_0;
    %end;
    .thread T_2;
# The file index is used to find the file name in the following table.
:file_names 4;
    "N/A";
    "<interactive>";
    "test.v";
    "priorityfor.v";
