#! /usr/local/bin/vvp
:ivl_version "0.9.7 " "(v0_9_7)";
:vpi_time_precision + 0;
:vpi_module "system";
:vpi_module "v2005_math";
:vpi_module "va_math";
S_0x16ac260 .scope module, "test" "test" 2 1;
 .timescale 0 0;
v0x16d3220_0 .var "shift", 0 0;
v0x16d32c0_0 .var "w", 3 0;
RS_0x7fea5b038528/0/0 .resolv tri, L_0x16d37b0, L_0x16d3e00, L_0x16d4260, L_0x16d4870;
RS_0x7fea5b038528/0/4 .resolv tri, L_0x16d4cb0, C4<zzzzz>, C4<zzzzz>, C4<zzzzz>;
RS_0x7fea5b038528 .resolv tri, RS_0x7fea5b038528/0/0, RS_0x7fea5b038528/0/4, C4<zzzzz>, C4<zzzzz>;
v0x16d3340_0 .net8 "y", 4 0, RS_0x7fea5b038528; 5 drivers
S_0x16ab0f0 .scope module, "s" "shifter" 2 5, 3 5, S_0x16ac260;
 .timescale 0 0;
v0x16d3040_0 .net "shift", 0 0, v0x16d3220_0; 1 drivers
v0x16d30e0_0 .net "w", 3 0, v0x16d32c0_0; 1 drivers
v0x16d3180_0 .alias "y", 4 0, v0x16d3340_0;
L_0x16d35e0 .part v0x16d32c0_0, 3, 1;
L_0x16d37b0 .part/pv L_0x16d34c0, 4, 1, 5;
L_0x16d3b90 .part v0x16d32c0_0, 2, 1;
L_0x16d3c80 .part v0x16d32c0_0, 3, 1;
L_0x16d3e00 .part/pv L_0x16d3aa0, 3, 1, 5;
L_0x16d4040 .part v0x16d32c0_0, 1, 1;
L_0x16d4170 .part v0x16d32c0_0, 2, 1;
L_0x16d4260 .part/pv L_0x16d3f50, 2, 1, 5;
L_0x16d4580 .part v0x16d32c0_0, 0, 1;
L_0x16d4670 .part v0x16d32c0_0, 1, 1;
L_0x16d4870 .part/pv L_0x16d4490, 1, 1, 5;
L_0x16d4bc0 .part v0x16d32c0_0, 0, 1;
L_0x16d4cb0 .part/pv L_0x16d4a40, 0, 1, 5;
S_0x16d2ae0 .scope module, "m1" "mux2by1" 3 6, 3 1, S_0x16ab0f0;
 .timescale 0 0;
L_0x16d3430 .functor XNOR 1, v0x16d3220_0, C4<0>, C4<0>, C4<0>;
v0x16d2bd0_0 .net *"_s0", 0 0, C4<0>; 1 drivers
v0x16d2c90_0 .net *"_s2", 0 0, L_0x16d3430; 1 drivers
v0x16d2d30_0 .net "f", 0 0, L_0x16d34c0; 1 drivers
v0x16d2dd0_0 .net "i0", 0 0, L_0x16d35e0; 1 drivers
v0x16d2e50_0 .net "i1", 0 0, C4<0>; 1 drivers
v0x16d2ef0_0 .alias "sel", 0 0, v0x16d3040_0;
L_0x16d34c0 .functor MUXZ 1, C4<0>, L_0x16d35e0, L_0x16d3430, C4<>;
S_0x16d2610 .scope module, "m2" "mux2by1" 3 7, 3 1, S_0x16ab0f0;
 .timescale 0 0;
L_0x16d3930 .functor XNOR 1, v0x16d3220_0, C4<0>, C4<0>, C4<0>;
v0x16d2700_0 .net *"_s0", 0 0, C4<0>; 1 drivers
v0x16d27c0_0 .net *"_s2", 0 0, L_0x16d3930; 1 drivers
v0x16d2860_0 .net "f", 0 0, L_0x16d3aa0; 1 drivers
v0x16d2900_0 .net "i0", 0 0, L_0x16d3b90; 1 drivers
v0x16d2980_0 .net "i1", 0 0, L_0x16d3c80; 1 drivers
v0x16d2a20_0 .alias "sel", 0 0, v0x16d3040_0;
L_0x16d3aa0 .functor MUXZ 1, L_0x16d3c80, L_0x16d3b90, L_0x16d3930, C4<>;
S_0x16d20e0 .scope module, "m3" "mux2by1" 3 8, 3 1, S_0x16ab0f0;
 .timescale 0 0;
L_0x16d3ea0 .functor XNOR 1, v0x16d3220_0, C4<0>, C4<0>, C4<0>;
v0x16d21d0_0 .net *"_s0", 0 0, C4<0>; 1 drivers
v0x16d2270_0 .net *"_s2", 0 0, L_0x16d3ea0; 1 drivers
v0x16d2310_0 .net "f", 0 0, L_0x16d3f50; 1 drivers
v0x16d23b0_0 .net "i0", 0 0, L_0x16d4040; 1 drivers
v0x16d2460_0 .net "i1", 0 0, L_0x16d4170; 1 drivers
v0x16d2500_0 .alias "sel", 0 0, v0x16d3040_0;
L_0x16d3f50 .functor MUXZ 1, L_0x16d4170, L_0x16d4040, L_0x16d3ea0, C4<>;
S_0x16d1c10 .scope module, "m4" "mux2by1" 3 9, 3 1, S_0x16ab0f0;
 .timescale 0 0;
L_0x16d43e0 .functor XNOR 1, v0x16d3220_0, C4<0>, C4<0>, C4<0>;
v0x16d1d00_0 .net *"_s0", 0 0, C4<0>; 1 drivers
v0x16d1dc0_0 .net *"_s2", 0 0, L_0x16d43e0; 1 drivers
v0x16d1e60_0 .net "f", 0 0, L_0x16d4490; 1 drivers
v0x16d1f00_0 .net "i0", 0 0, L_0x16d4580; 1 drivers
v0x16d1f80_0 .net "i1", 0 0, L_0x16d4670; 1 drivers
v0x16d2020_0 .alias "sel", 0 0, v0x16d3040_0;
L_0x16d4490 .functor MUXZ 1, L_0x16d4670, L_0x16d4580, L_0x16d43e0, C4<>;
S_0x16aa1e0 .scope module, "m5" "mux2by1" 3 10, 3 1, S_0x16ab0f0;
 .timescale 0 0;
L_0x16d4990 .functor XNOR 1, v0x16d3220_0, C4<0>, C4<0>, C4<0>;
v0x1698cb0_0 .net *"_s0", 0 0, C4<0>; 1 drivers
v0x16d18a0_0 .net *"_s2", 0 0, L_0x16d4990; 1 drivers
v0x16d1940_0 .net "f", 0 0, L_0x16d4a40; 1 drivers
v0x16d19e0_0 .net "i0", 0 0, C4<0>; 1 drivers
v0x16d1a90_0 .net "i1", 0 0, L_0x16d4bc0; 1 drivers
v0x16d1b30_0 .alias "sel", 0 0, v0x16d3040_0;
L_0x16d4a40 .functor MUXZ 1, L_0x16d4bc0, C4<0>, L_0x16d4990, C4<>;
    .scope S_0x16ac260;
T_0 ;
    %delay 10, 0;
    %set/v v0x16d3220_0, 1, 1;
    %movi 8, 6, 4;
    %set/v v0x16d32c0_0, 8, 4;
    %delay 10, 0;
    %set/v v0x16d3220_0, 0, 1;
    %movi 8, 10, 4;
    %set/v v0x16d32c0_0, 8, 4;
    %delay 10, 0;
    %vpi_call 2 9 "$finish";
    %end;
    .thread T_0;
    .scope S_0x16ac260;
T_1 ;
    %vpi_call 2 12 "$monitor", $time, " shift %b in %b out %b", v0x16d3220_0, v0x16d32c0_0, v0x16d3340_0;
    %end;
    .thread T_1;
# The file index is used to find the file name in the following table.
:file_names 4;
    "N/A";
    "<interactive>";
    "test.v";
    "shifter.v";
