#! /usr/local/bin/vvp
:ivl_version "0.9.7 " "(v0_9_7)";
:vpi_time_precision + 0;
:vpi_module "system";
:vpi_module "v2005_math";
:vpi_module "va_math";
S_0x122ee00 .scope module, "graytest" "graytest" 2 1;
 .timescale 0 0;
P_0x122c888 .param/l "n" 2 2, +C4<0111>;
v0x123fe00_0 .var "a", 6 0;
RS_0x7f0a0be5e0a8 .resolv tri, L_0x123ff50, L_0x1240180, C4<zzzzzzz>, C4<zzzzzzz>;
v0x123fea0_0 .net8 "b", 6 0, RS_0x7f0a0be5e0a8; 2 drivers
S_0x122eef0 .scope module, "g" "grayTObin" 2 5, 3 1, S_0x122ee00;
 .timescale 0 0;
P_0x122fed8 .param/l "n" 3 2, +C4<0111>;
v0x122f010_0 .net *"_s3", 0 0, L_0x1240040; 1 drivers
v0x123fa90_0 .net *"_s7", 5 0, v0x123fd20_0; 1 drivers
v0x123fb30_0 .net "a", 6 0, v0x123fe00_0; 1 drivers
v0x123fbd0_0 .alias "b", 6 0, v0x123fea0_0;
v0x123fc80_0 .var/i "i", 31 0;
v0x123fd20_0 .var "temp", 5 0;
E_0x122efe0 .event edge, v0x123fbd0_0, v0x123fb30_0;
L_0x123ff50 .part/pv L_0x1240040, 6, 1, 7;
L_0x1240040 .part v0x123fe00_0, 6, 1;
L_0x1240180 .part/pv v0x123fd20_0, 0, 6, 7;
    .scope S_0x122eef0;
T_0 ;
    %wait E_0x122efe0;
    %movi 8, 5, 32;
    %set/v v0x123fc80_0, 8, 32;
T_0.0 ;
    %load/v 8, v0x123fc80_0, 32;
    %cmp/s 0, 8, 32;
    %or 5, 4, 1;
    %jmp/0xz T_0.1, 5;
    %ix/getv/s 1, v0x123fc80_0;
    %jmp/1 T_0.2, 4;
    %load/x1p 11, v0x123fb30_0, 1;
    %jmp T_0.3;
T_0.2 ;
    %mov 11, 2, 1;
T_0.3 ;
    %mov 8, 11, 1; Move signal select into place
    %mov 9, 0, 2;
    %cmpi/u 8, 1, 3;
    %jmp/0xz  T_0.4, 4;
    %ix/load 0, 1, 0;
    %load/vp0/s 8, v0x123fc80_0, 32;
    %ix/get/s 1, 8, 32;
    %jmp/1 T_0.6, 4;
    %load/x1p 8, v0x123fbd0_0, 1;
    %jmp T_0.7;
T_0.6 ;
    %mov 8, 2, 1;
T_0.7 ;
; Save base=8 wid=1 in lookaside.
    %inv 8, 1;
    %ix/getv/s 0, v0x123fc80_0;
    %jmp/1 t_0, 4;
    %set/x0 v0x123fd20_0, 8, 1;
t_0 ;
    %jmp T_0.5;
T_0.4 ;
    %ix/load 0, 1, 0;
    %load/vp0/s 8, v0x123fc80_0, 32;
    %ix/get/s 1, 8, 32;
    %jmp/1 T_0.8, 4;
    %load/x1p 8, v0x123fbd0_0, 1;
    %jmp T_0.9;
T_0.8 ;
    %mov 8, 2, 1;
T_0.9 ;
; Save base=8 wid=1 in lookaside.
    %ix/getv/s 0, v0x123fc80_0;
    %jmp/1 t_1, 4;
    %set/x0 v0x123fd20_0, 8, 1;
t_1 ;
T_0.5 ;
    %load/v 8, v0x123fc80_0, 32;
    %subi 8, 1, 32;
    %set/v v0x123fc80_0, 8, 32;
    %jmp T_0.0;
T_0.1 ;
    %jmp T_0;
    .thread T_0, $push;
    .scope S_0x122ee00;
T_1 ;
    %delay 10, 0;
    %movi 8, 106, 7;
    %set/v v0x123fe00_0, 8, 7;
    %delay 10, 0;
    %movi 8, 77, 7;
    %set/v v0x123fe00_0, 8, 7;
    %delay 10, 0;
    %vpi_call 2 9 "$finish";
    %end;
    .thread T_1;
    .scope S_0x122ee00;
T_2 ;
    %vpi_call 2 12 "$monitor", $time, " in %b out %b", v0x123fe00_0, v0x123fea0_0;
    %end;
    .thread T_2;
# The file index is used to find the file name in the following table.
:file_names 4;
    "N/A";
    "<interactive>";
    "test.v";
    "grayTObin.v";
