#! /usr/local/bin/vvp
:ivl_version "0.9.7 " "(v0_9_7)";
:vpi_time_precision + 0;
:vpi_module "system";
:vpi_module "v2005_math";
:vpi_module "va_math";
S_0x1459300 .scope module, "test" "test" 2 1;
 .timescale 0 0;
v0x148ae90_0 .net "f", 0 0, v0x1489af0_0; 1 drivers
v0x148af60_0 .var "in", 15 0;
v0x148afe0_0 .var "s", 3 0;
S_0x145dd90 .scope module, "m" "mux16" 2 5, 3 25, S_0x1459300;
 .timescale 0 0;
v0x148abe0_0 .alias "f", 0 0, v0x148ae90_0;
v0x148acb0_0 .net "i", 15 0, v0x148af60_0; 1 drivers
RS_0x7f1f0c579018 .resolv tri, L_0x148b360, L_0x148b6a0, L_0x148baf0, L_0x148beb0;
v0x148ad30_0 .net8 "o", 3 0, RS_0x7f1f0c579018; 4 drivers
v0x148ade0_0 .net "sw", 3 0, v0x148afe0_0; 1 drivers
L_0x148b150 .part v0x148af60_0, 0, 4;
L_0x148b270 .part v0x148afe0_0, 0, 2;
L_0x148b360 .part/pv v0x148ab30_0, 0, 1, 4;
L_0x148b500 .part v0x148af60_0, 4, 4;
L_0x148b5d0 .part v0x148afe0_0, 0, 2;
L_0x148b6a0 .part/pv v0x148a720_0, 1, 1, 4;
L_0x148b830 .part v0x148af60_0, 8, 4;
L_0x148b990 .part v0x148afe0_0, 0, 2;
L_0x148baf0 .part/pv v0x148a310_0, 2, 1, 4;
L_0x148bcb0 .part v0x148af60_0, 12, 4;
L_0x148bde0 .part v0x148afe0_0, 0, 2;
L_0x148beb0 .part/pv v0x1489f00_0, 3, 1, 4;
L_0x148bfc0 .part v0x148afe0_0, 2, 2;
S_0x148a7d0 .scope module, "m1" "mux" 3 27, 3 1, S_0x145dd90;
 .timescale 0 0;
v0x148a930_0 .net "in", 3 0, L_0x148b150; 1 drivers
v0x148a9f0_0 .net "out", 0 0, v0x148ab30_0; 1 drivers
v0x148aa90_0 .net "s", 1 0, L_0x148b270; 1 drivers
v0x148ab30_0 .var "temp", 0 0;
E_0x148a8c0 .event edge, v0x148aa90_0, v0x148a930_0;
S_0x148a3c0 .scope module, "m2" "mux" 3 28, 3 1, S_0x145dd90;
 .timescale 0 0;
v0x148a520_0 .net "in", 3 0, L_0x148b500; 1 drivers
v0x148a5e0_0 .net "out", 0 0, v0x148a720_0; 1 drivers
v0x148a680_0 .net "s", 1 0, L_0x148b5d0; 1 drivers
v0x148a720_0 .var "temp", 0 0;
E_0x148a4b0 .event edge, v0x148a680_0, v0x148a520_0;
S_0x1489fb0 .scope module, "m3" "mux" 3 29, 3 1, S_0x145dd90;
 .timescale 0 0;
v0x148a110_0 .net "in", 3 0, L_0x148b830; 1 drivers
v0x148a1d0_0 .net "out", 0 0, v0x148a310_0; 1 drivers
v0x148a270_0 .net "s", 1 0, L_0x148b990; 1 drivers
v0x148a310_0 .var "temp", 0 0;
E_0x148a0a0 .event edge, v0x148a270_0, v0x148a110_0;
S_0x1489ba0 .scope module, "m4" "mux" 3 30, 3 1, S_0x145dd90;
 .timescale 0 0;
v0x1489d00_0 .net "in", 3 0, L_0x148bcb0; 1 drivers
v0x1489dc0_0 .net "out", 0 0, v0x1489f00_0; 1 drivers
v0x1489e60_0 .net "s", 1 0, L_0x148bde0; 1 drivers
v0x1489f00_0 .var "temp", 0 0;
E_0x1489c90 .event edge, v0x1489e60_0, v0x1489d00_0;
S_0x145c640 .scope module, "m5" "mux" 3 31, 3 1, S_0x145dd90;
 .timescale 0 0;
v0x145ca80_0 .alias "in", 3 0, v0x148ad30_0;
v0x14899b0_0 .alias "out", 0 0, v0x148ae90_0;
v0x1489a50_0 .net "s", 1 0, L_0x148bfc0; 1 drivers
v0x1489af0_0 .var "temp", 0 0;
E_0x1458e40 .event edge, v0x1489a50_0, v0x145ca80_0;
    .scope S_0x148a7d0;
T_0 ;
    %wait E_0x148a8c0;
    %load/v 8, v0x148aa90_0, 2;
    %cmpi/u 8, 0, 2;
    %jmp/1 T_0.0, 6;
    %cmpi/u 8, 1, 2;
    %jmp/1 T_0.1, 6;
    %cmpi/u 8, 2, 2;
    %jmp/1 T_0.2, 6;
    %cmpi/u 8, 3, 2;
    %jmp/1 T_0.3, 6;
    %set/v v0x148ab30_0, 0, 1;
    %jmp T_0.5;
T_0.0 ;
    %load/v 8, v0x148a930_0, 1; Only need 1 of 4 bits
; Save base=8 wid=1 in lookaside.
    %set/v v0x148ab30_0, 8, 1;
    %jmp T_0.5;
T_0.1 ;
    %ix/load 1, 1, 0;
    %mov 4, 0, 1;
    %jmp/1 T_0.6, 4;
    %load/x1p 8, v0x148a930_0, 1;
    %jmp T_0.7;
T_0.6 ;
    %mov 8, 2, 1;
T_0.7 ;
; Save base=8 wid=1 in lookaside.
    %set/v v0x148ab30_0, 8, 1;
    %jmp T_0.5;
T_0.2 ;
    %ix/load 1, 2, 0;
    %mov 4, 0, 1;
    %jmp/1 T_0.8, 4;
    %load/x1p 8, v0x148a930_0, 1;
    %jmp T_0.9;
T_0.8 ;
    %mov 8, 2, 1;
T_0.9 ;
; Save base=8 wid=1 in lookaside.
    %set/v v0x148ab30_0, 8, 1;
    %jmp T_0.5;
T_0.3 ;
    %ix/load 1, 3, 0;
    %mov 4, 0, 1;
    %jmp/1 T_0.10, 4;
    %load/x1p 8, v0x148a930_0, 1;
    %jmp T_0.11;
T_0.10 ;
    %mov 8, 2, 1;
T_0.11 ;
; Save base=8 wid=1 in lookaside.
    %set/v v0x148ab30_0, 8, 1;
    %jmp T_0.5;
T_0.5 ;
    %jmp T_0;
    .thread T_0, $push;
    .scope S_0x148a3c0;
T_1 ;
    %wait E_0x148a4b0;
    %load/v 8, v0x148a680_0, 2;
    %cmpi/u 8, 0, 2;
    %jmp/1 T_1.0, 6;
    %cmpi/u 8, 1, 2;
    %jmp/1 T_1.1, 6;
    %cmpi/u 8, 2, 2;
    %jmp/1 T_1.2, 6;
    %cmpi/u 8, 3, 2;
    %jmp/1 T_1.3, 6;
    %set/v v0x148a720_0, 0, 1;
    %jmp T_1.5;
T_1.0 ;
    %load/v 8, v0x148a520_0, 1; Only need 1 of 4 bits
; Save base=8 wid=1 in lookaside.
    %set/v v0x148a720_0, 8, 1;
    %jmp T_1.5;
T_1.1 ;
    %ix/load 1, 1, 0;
    %mov 4, 0, 1;
    %jmp/1 T_1.6, 4;
    %load/x1p 8, v0x148a520_0, 1;
    %jmp T_1.7;
T_1.6 ;
    %mov 8, 2, 1;
T_1.7 ;
; Save base=8 wid=1 in lookaside.
    %set/v v0x148a720_0, 8, 1;
    %jmp T_1.5;
T_1.2 ;
    %ix/load 1, 2, 0;
    %mov 4, 0, 1;
    %jmp/1 T_1.8, 4;
    %load/x1p 8, v0x148a520_0, 1;
    %jmp T_1.9;
T_1.8 ;
    %mov 8, 2, 1;
T_1.9 ;
; Save base=8 wid=1 in lookaside.
    %set/v v0x148a720_0, 8, 1;
    %jmp T_1.5;
T_1.3 ;
    %ix/load 1, 3, 0;
    %mov 4, 0, 1;
    %jmp/1 T_1.10, 4;
    %load/x1p 8, v0x148a520_0, 1;
    %jmp T_1.11;
T_1.10 ;
    %mov 8, 2, 1;
T_1.11 ;
; Save base=8 wid=1 in lookaside.
    %set/v v0x148a720_0, 8, 1;
    %jmp T_1.5;
T_1.5 ;
    %jmp T_1;
    .thread T_1, $push;
    .scope S_0x1489fb0;
T_2 ;
    %wait E_0x148a0a0;
    %load/v 8, v0x148a270_0, 2;
    %cmpi/u 8, 0, 2;
    %jmp/1 T_2.0, 6;
    %cmpi/u 8, 1, 2;
    %jmp/1 T_2.1, 6;
    %cmpi/u 8, 2, 2;
    %jmp/1 T_2.2, 6;
    %cmpi/u 8, 3, 2;
    %jmp/1 T_2.3, 6;
    %set/v v0x148a310_0, 0, 1;
    %jmp T_2.5;
T_2.0 ;
    %load/v 8, v0x148a110_0, 1; Only need 1 of 4 bits
; Save base=8 wid=1 in lookaside.
    %set/v v0x148a310_0, 8, 1;
    %jmp T_2.5;
T_2.1 ;
    %ix/load 1, 1, 0;
    %mov 4, 0, 1;
    %jmp/1 T_2.6, 4;
    %load/x1p 8, v0x148a110_0, 1;
    %jmp T_2.7;
T_2.6 ;
    %mov 8, 2, 1;
T_2.7 ;
; Save base=8 wid=1 in lookaside.
    %set/v v0x148a310_0, 8, 1;
    %jmp T_2.5;
T_2.2 ;
    %ix/load 1, 2, 0;
    %mov 4, 0, 1;
    %jmp/1 T_2.8, 4;
    %load/x1p 8, v0x148a110_0, 1;
    %jmp T_2.9;
T_2.8 ;
    %mov 8, 2, 1;
T_2.9 ;
; Save base=8 wid=1 in lookaside.
    %set/v v0x148a310_0, 8, 1;
    %jmp T_2.5;
T_2.3 ;
    %ix/load 1, 3, 0;
    %mov 4, 0, 1;
    %jmp/1 T_2.10, 4;
    %load/x1p 8, v0x148a110_0, 1;
    %jmp T_2.11;
T_2.10 ;
    %mov 8, 2, 1;
T_2.11 ;
; Save base=8 wid=1 in lookaside.
    %set/v v0x148a310_0, 8, 1;
    %jmp T_2.5;
T_2.5 ;
    %jmp T_2;
    .thread T_2, $push;
    .scope S_0x1489ba0;
T_3 ;
    %wait E_0x1489c90;
    %load/v 8, v0x1489e60_0, 2;
    %cmpi/u 8, 0, 2;
    %jmp/1 T_3.0, 6;
    %cmpi/u 8, 1, 2;
    %jmp/1 T_3.1, 6;
    %cmpi/u 8, 2, 2;
    %jmp/1 T_3.2, 6;
    %cmpi/u 8, 3, 2;
    %jmp/1 T_3.3, 6;
    %set/v v0x1489f00_0, 0, 1;
    %jmp T_3.5;
T_3.0 ;
    %load/v 8, v0x1489d00_0, 1; Only need 1 of 4 bits
; Save base=8 wid=1 in lookaside.
    %set/v v0x1489f00_0, 8, 1;
    %jmp T_3.5;
T_3.1 ;
    %ix/load 1, 1, 0;
    %mov 4, 0, 1;
    %jmp/1 T_3.6, 4;
    %load/x1p 8, v0x1489d00_0, 1;
    %jmp T_3.7;
T_3.6 ;
    %mov 8, 2, 1;
T_3.7 ;
; Save base=8 wid=1 in lookaside.
    %set/v v0x1489f00_0, 8, 1;
    %jmp T_3.5;
T_3.2 ;
    %ix/load 1, 2, 0;
    %mov 4, 0, 1;
    %jmp/1 T_3.8, 4;
    %load/x1p 8, v0x1489d00_0, 1;
    %jmp T_3.9;
T_3.8 ;
    %mov 8, 2, 1;
T_3.9 ;
; Save base=8 wid=1 in lookaside.
    %set/v v0x1489f00_0, 8, 1;
    %jmp T_3.5;
T_3.3 ;
    %ix/load 1, 3, 0;
    %mov 4, 0, 1;
    %jmp/1 T_3.10, 4;
    %load/x1p 8, v0x1489d00_0, 1;
    %jmp T_3.11;
T_3.10 ;
    %mov 8, 2, 1;
T_3.11 ;
; Save base=8 wid=1 in lookaside.
    %set/v v0x1489f00_0, 8, 1;
    %jmp T_3.5;
T_3.5 ;
    %jmp T_3;
    .thread T_3, $push;
    .scope S_0x145c640;
T_4 ;
    %wait E_0x1458e40;
    %load/v 8, v0x1489a50_0, 2;
    %cmpi/u 8, 0, 2;
    %jmp/1 T_4.0, 6;
    %cmpi/u 8, 1, 2;
    %jmp/1 T_4.1, 6;
    %cmpi/u 8, 2, 2;
    %jmp/1 T_4.2, 6;
    %cmpi/u 8, 3, 2;
    %jmp/1 T_4.3, 6;
    %set/v v0x1489af0_0, 0, 1;
    %jmp T_4.5;
T_4.0 ;
    %load/v 8, v0x145ca80_0, 1; Only need 1 of 4 bits
; Save base=8 wid=1 in lookaside.
    %set/v v0x1489af0_0, 8, 1;
    %jmp T_4.5;
T_4.1 ;
    %ix/load 1, 1, 0;
    %mov 4, 0, 1;
    %jmp/1 T_4.6, 4;
    %load/x1p 8, v0x145ca80_0, 1;
    %jmp T_4.7;
T_4.6 ;
    %mov 8, 2, 1;
T_4.7 ;
; Save base=8 wid=1 in lookaside.
    %set/v v0x1489af0_0, 8, 1;
    %jmp T_4.5;
T_4.2 ;
    %ix/load 1, 2, 0;
    %mov 4, 0, 1;
    %jmp/1 T_4.8, 4;
    %load/x1p 8, v0x145ca80_0, 1;
    %jmp T_4.9;
T_4.8 ;
    %mov 8, 2, 1;
T_4.9 ;
; Save base=8 wid=1 in lookaside.
    %set/v v0x1489af0_0, 8, 1;
    %jmp T_4.5;
T_4.3 ;
    %ix/load 1, 3, 0;
    %mov 4, 0, 1;
    %jmp/1 T_4.10, 4;
    %load/x1p 8, v0x145ca80_0, 1;
    %jmp T_4.11;
T_4.10 ;
    %mov 8, 2, 1;
T_4.11 ;
; Save base=8 wid=1 in lookaside.
    %set/v v0x1489af0_0, 8, 1;
    %jmp T_4.5;
T_4.5 ;
    %jmp T_4;
    .thread T_4, $push;
    .scope S_0x1459300;
T_5 ;
    %delay 10, 0;
    %movi 8, 1, 16;
    %set/v v0x148af60_0, 8, 16;
    %set/v v0x148afe0_0, 0, 4;
    %delay 10, 0;
    %movi 8, 2, 16;
    %set/v v0x148af60_0, 8, 16;
    %movi 8, 1, 4;
    %set/v v0x148afe0_0, 8, 4;
    %delay 10, 0;
    %movi 8, 4, 16;
    %set/v v0x148af60_0, 8, 16;
    %movi 8, 2, 4;
    %set/v v0x148afe0_0, 8, 4;
    %delay 10, 0;
    %movi 8, 8, 16;
    %set/v v0x148af60_0, 8, 16;
    %movi 8, 3, 4;
    %set/v v0x148afe0_0, 8, 4;
    %delay 10, 0;
    %movi 8, 16, 16;
    %set/v v0x148af60_0, 8, 16;
    %movi 8, 4, 4;
    %set/v v0x148afe0_0, 8, 4;
    %delay 10, 0;
    %movi 8, 32, 16;
    %set/v v0x148af60_0, 8, 16;
    %movi 8, 5, 4;
    %set/v v0x148afe0_0, 8, 4;
    %delay 10, 0;
    %movi 8, 64, 16;
    %set/v v0x148af60_0, 8, 16;
    %movi 8, 6, 4;
    %set/v v0x148afe0_0, 8, 4;
    %delay 10, 0;
    %movi 8, 128, 16;
    %set/v v0x148af60_0, 8, 16;
    %movi 8, 7, 4;
    %set/v v0x148afe0_0, 8, 4;
    %delay 10, 0;
    %movi 8, 256, 16;
    %set/v v0x148af60_0, 8, 16;
    %movi 8, 8, 4;
    %set/v v0x148afe0_0, 8, 4;
    %delay 10, 0;
    %movi 8, 512, 16;
    %set/v v0x148af60_0, 8, 16;
    %movi 8, 9, 4;
    %set/v v0x148afe0_0, 8, 4;
    %delay 10, 0;
    %movi 8, 1024, 16;
    %set/v v0x148af60_0, 8, 16;
    %movi 8, 10, 4;
    %set/v v0x148afe0_0, 8, 4;
    %delay 10, 0;
    %movi 8, 2048, 16;
    %set/v v0x148af60_0, 8, 16;
    %movi 8, 11, 4;
    %set/v v0x148afe0_0, 8, 4;
    %delay 10, 0;
    %movi 8, 4096, 16;
    %set/v v0x148af60_0, 8, 16;
    %movi 8, 12, 4;
    %set/v v0x148afe0_0, 8, 4;
    %delay 10, 0;
    %movi 8, 8192, 16;
    %set/v v0x148af60_0, 8, 16;
    %movi 8, 13, 4;
    %set/v v0x148afe0_0, 8, 4;
    %delay 10, 0;
    %movi 8, 16384, 16;
    %set/v v0x148af60_0, 8, 16;
    %movi 8, 14, 4;
    %set/v v0x148afe0_0, 8, 4;
    %delay 10, 0;
    %movi 8, 32768, 16;
    %set/v v0x148af60_0, 8, 16;
    %set/v v0x148afe0_0, 1, 4;
    %delay 10, 0;
    %vpi_call 2 23 "$finish";
    %end;
    .thread T_5;
    .scope S_0x1459300;
T_6 ;
    %vpi_call 2 26 "$monitor", $time, " in %b switch %b out %b", v0x148af60_0, v0x148afe0_0, v0x148ae90_0;
    %end;
    .thread T_6;
# The file index is used to find the file name in the following table.
:file_names 4;
    "N/A";
    "<interactive>";
    "test.v";
    "mux.v";
