#! /usr/local/bin/vvp
:ivl_version "0.9.7 " "(v0_9_7)";
:vpi_time_precision + 0;
:vpi_module "system";
:vpi_module "v2005_math";
:vpi_module "va_math";
S_0x2093ae0 .scope module, "alutest" "alutest" 2 75;
 .timescale 0 0;
v0x20bcaf0_0 .var "a", 3 0;
v0x20bcb90_0 .var "b", 3 0;
v0x20bcc40_0 .net "c", 3 0, v0x20bc8c0_0; 1 drivers
v0x20bccf0_0 .var "opcode", 3 0;
S_0x20a6850 .scope module, "a1" "alu" 2 79, 3 67, S_0x2093ae0;
 .timescale 0 0;
v0x20a6940_0 .net "a", 3 0, v0x20bcaf0_0; 1 drivers
v0x20bc780_0 .net "b", 3 0, v0x20bcb90_0; 1 drivers
v0x20bc820_0 .alias "c", 3 0, v0x20bcc40_0;
v0x20bc8c0_0 .var "d", 3 0;
v0x20bc970_0 .var/i "i", 31 0;
v0x20bca10_0 .net "opcode", 3 0, v0x20bccf0_0; 1 drivers
E_0x20a2bb0 .event edge, v0x20bca10_0, v0x20a6940_0, v0x20bc780_0, v0x20bc970_0;
    .scope S_0x20a6850;
T_0 ;
    %wait E_0x20a2bb0;
    %load/v 8, v0x20bca10_0, 4;
    %cmpi/u 8, 1, 4;
    %jmp/1 T_0.0, 6;
    %cmpi/u 8, 2, 4;
    %jmp/1 T_0.1, 6;
    %cmpi/u 8, 3, 4;
    %jmp/1 T_0.2, 6;
    %cmpi/u 8, 4, 4;
    %jmp/1 T_0.3, 6;
    %cmpi/u 8, 5, 4;
    %jmp/1 T_0.4, 6;
    %cmpi/u 8, 6, 4;
    %jmp/1 T_0.5, 6;
    %cmpi/u 8, 7, 4;
    %jmp/1 T_0.6, 6;
    %cmpi/u 8, 8, 4;
    %jmp/1 T_0.7, 6;
    %set/v v0x20bc8c0_0, 0, 4;
    %jmp T_0.9;
T_0.0 ;
    %load/v 8, v0x20a6940_0, 4;
    %load/v 12, v0x20bc780_0, 4;
    %add 8, 12, 4;
    %set/v v0x20bc8c0_0, 8, 4;
    %jmp T_0.9;
T_0.1 ;
    %load/v 8, v0x20a6940_0, 4;
    %load/v 12, v0x20bc780_0, 4;
    %sub 8, 12, 4;
    %set/v v0x20bc8c0_0, 8, 4;
    %jmp T_0.9;
T_0.2 ;
    %load/v 8, v0x20a6940_0, 4;
    %load/v 12, v0x20bc780_0, 4;
    %mul 8, 12, 4;
    %set/v v0x20bc8c0_0, 8, 4;
    %jmp T_0.9;
T_0.3 ;
    %load/v 8, v0x20a6940_0, 4;
    %load/v 12, v0x20bc780_0, 4;
    %div 8, 12, 4;
    %set/v v0x20bc8c0_0, 8, 4;
    %jmp T_0.9;
T_0.4 ;
    %set/v v0x20bc970_0, 0, 32;
T_0.10 ;
    %load/v 8, v0x20bc970_0, 32;
   %cmpi/s 8, 4, 32;
    %jmp/0xz T_0.11, 5;
    %ix/getv/s 1, v0x20bc970_0;
    %jmp/1 T_0.12, 4;
    %load/x1p 8, v0x20a6940_0, 1;
    %jmp T_0.13;
T_0.12 ;
    %mov 8, 2, 1;
T_0.13 ;
; Save base=8 wid=1 in lookaside.
    %ix/getv/s 1, v0x20bc970_0;
    %jmp/1 T_0.14, 4;
    %load/x1p 9, v0x20bc780_0, 1;
    %jmp T_0.15;
T_0.14 ;
    %mov 9, 2, 1;
T_0.15 ;
; Save base=9 wid=1 in lookaside.
    %and 8, 9, 1;
    %ix/getv/s 0, v0x20bc970_0;
    %jmp/1 t_0, 4;
    %set/x0 v0x20bc8c0_0, 8, 1;
t_0 ;
    %ix/load 0, 1, 0;
    %load/vp0/s 8, v0x20bc970_0, 32;
    %set/v v0x20bc970_0, 8, 32;
    %jmp T_0.10;
T_0.11 ;
    %jmp T_0.9;
T_0.5 ;
    %load/v 8, v0x20a6940_0, 4;
    %load/v 12, v0x20bc780_0, 4;
    %xor 8, 12, 4;
    %set/v v0x20bc8c0_0, 8, 4;
    %jmp T_0.9;
T_0.6 ;
    %load/v 8, v0x20a6940_0, 4;
    %inv 8, 4;
    %set/v v0x20bc8c0_0, 8, 4;
    %jmp T_0.9;
T_0.7 ;
    %set/v v0x20bc970_0, 0, 32;
T_0.16 ;
    %load/v 8, v0x20bc970_0, 32;
   %cmpi/s 8, 4, 32;
    %jmp/0xz T_0.17, 5;
    %ix/getv/s 1, v0x20bc970_0;
    %jmp/1 T_0.18, 4;
    %load/x1p 8, v0x20a6940_0, 1;
    %jmp T_0.19;
T_0.18 ;
    %mov 8, 2, 1;
T_0.19 ;
; Save base=8 wid=1 in lookaside.
    %ix/getv/s 1, v0x20bc970_0;
    %jmp/1 T_0.20, 4;
    %load/x1p 9, v0x20bc780_0, 1;
    %jmp T_0.21;
T_0.20 ;
    %mov 9, 2, 1;
T_0.21 ;
; Save base=9 wid=1 in lookaside.
    %or 8, 9, 1;
    %ix/getv/s 0, v0x20bc970_0;
    %jmp/1 t_1, 4;
    %set/x0 v0x20bc8c0_0, 8, 1;
t_1 ;
    %ix/load 0, 1, 0;
    %load/vp0/s 8, v0x20bc970_0, 32;
    %set/v v0x20bc970_0, 8, 32;
    %jmp T_0.16;
T_0.17 ;
    %jmp T_0.9;
T_0.9 ;
    %jmp T_0;
    .thread T_0, $push;
    .scope S_0x2093ae0;
T_1 ;
    %delay 10, 0;
    %movi 8, 4, 4;
    %set/v v0x20bcaf0_0, 8, 4;
    %movi 8, 3, 4;
    %set/v v0x20bcb90_0, 8, 4;
    %movi 8, 1, 4;
    %set/v v0x20bccf0_0, 8, 4;
    %delay 10, 0;
    %movi 8, 4, 4;
    %set/v v0x20bcaf0_0, 8, 4;
    %movi 8, 3, 4;
    %set/v v0x20bcb90_0, 8, 4;
    %movi 8, 2, 4;
    %set/v v0x20bccf0_0, 8, 4;
    %delay 10, 0;
    %movi 8, 4, 4;
    %set/v v0x20bcaf0_0, 8, 4;
    %movi 8, 3, 4;
    %set/v v0x20bcb90_0, 8, 4;
    %movi 8, 3, 4;
    %set/v v0x20bccf0_0, 8, 4;
    %delay 10, 0;
    %movi 8, 4, 4;
    %set/v v0x20bcaf0_0, 8, 4;
    %movi 8, 2, 4;
    %set/v v0x20bcb90_0, 8, 4;
    %movi 8, 4, 4;
    %set/v v0x20bccf0_0, 8, 4;
    %delay 10, 0;
    %movi 8, 14, 4;
    %set/v v0x20bcaf0_0, 8, 4;
    %movi 8, 12, 4;
    %set/v v0x20bcb90_0, 8, 4;
    %movi 8, 5, 4;
    %set/v v0x20bccf0_0, 8, 4;
    %delay 10, 0;
    %movi 8, 6, 4;
    %set/v v0x20bcaf0_0, 8, 4;
    %movi 8, 2, 4;
    %set/v v0x20bcb90_0, 8, 4;
    %movi 8, 6, 4;
    %set/v v0x20bccf0_0, 8, 4;
    %delay 10, 0;
    %movi 8, 4, 4;
    %set/v v0x20bcaf0_0, 8, 4;
    %movi 8, 4, 4;
    %set/v v0x20bcb90_0, 8, 4;
    %movi 8, 7, 4;
    %set/v v0x20bccf0_0, 8, 4;
    %delay 10, 0;
    %movi 8, 4, 4;
    %set/v v0x20bcaf0_0, 8, 4;
    %movi 8, 3, 4;
    %set/v v0x20bcb90_0, 8, 4;
    %movi 8, 8, 4;
    %set/v v0x20bccf0_0, 8, 4;
    %delay 10, 0;
    %vpi_call 2 89 "$finish";
    %end;
    .thread T_1;
    .scope S_0x2093ae0;
T_2 ;
    %vpi_call 2 92 "$monitor", $time, " a %b b %b opcode %d out %b", v0x20bcaf0_0, v0x20bcb90_0, v0x20bccf0_0, v0x20bcc40_0;
    %end;
    .thread T_2;
# The file index is used to find the file name in the following table.
:file_names 4;
    "N/A";
    "<interactive>";
    "alutest.v";
    "alu.v";
