#! /usr/local/bin/vvp
:ivl_version "0.9.7 " "(v0_9_7)";
:vpi_time_precision + 0;
:vpi_module "system";
:vpi_module "v2005_math";
:vpi_module "va_math";
S_0x1aeaa20 .scope module, "paritytest" "paritytest" 2 1;
 .timescale 0 0;
RS_0x7efcb50d3348 .resolv tri, L_0x1b2cdc0, L_0x1b2d3e0, L_0x1b2dab0, L_0x1b2e090;
v0x1b2b4d0_0 .net8 "c", 0 0, RS_0x7efcb50d3348; 4 drivers
RS_0x7efcb50d33a8 .resolv tri, L_0x1b2c5a0, L_0x1b2c700, C4<zzzz>, C4<zzzz>;
v0x1b2b570_0 .net8 "f", 3 0, RS_0x7efcb50d33a8; 2 drivers
RS_0x7efcb50d35e8 .resolv tri, L_0x1b2bbc0, L_0x1b2bfe0, L_0x1b2c4b0, C4<z>;
v0x1b2b640_0 .net8 "p", 0 0, RS_0x7efcb50d35e8; 3 drivers
v0x1b2b6c0_0 .var "s", 2 0;
S_0x1b2a510 .scope module, "p1" "paritygen" 2 6, 3 1, S_0x1aeaa20;
 .timescale 0 0;
L_0x1b2c6a0 .functor BUFZ 3, v0x1b2b6c0_0, C4<000>, C4<000>, C4<000>;
L_0x1b2c830 .functor BUFZ 1, RS_0x7efcb50d35e8, C4<0>, C4<0>, C4<0>;
v0x1b2b0b0_0 .net *"_s12", 2 0, L_0x1b2c6a0; 1 drivers
v0x1b2b170_0 .net *"_s16", 0 0, L_0x1b2c830; 1 drivers
v0x1b2b210_0 .alias "f", 3 0, v0x1b2b570_0;
v0x1b2b2c0_0 .alias "p", 0 0, v0x1b2b640_0;
RS_0x7efcb50d3618 .resolv tri, L_0x1b2b960, L_0x1b2be00, L_0x1b2bb30, C4<z>;
v0x1b2b370_0 .net8 "r", 0 0, RS_0x7efcb50d3618; 3 drivers
v0x1b2b3f0_0 .net "s", 2 0, v0x1b2b6c0_0; 1 drivers
L_0x1b2b7a0 .part v0x1b2b6c0_0, 0, 1;
L_0x1b2b8c0 .part v0x1b2b6c0_0, 1, 1;
L_0x1b2ba90 .part v0x1b2b6c0_0, 2, 1;
L_0x1b2bcc0 .part v0x1b2b6c0_0, 0, 1;
L_0x1b2bd60 .part v0x1b2b6c0_0, 1, 1;
L_0x1b2bf00 .part v0x1b2b6c0_0, 2, 1;
L_0x1b2c120 .part v0x1b2b6c0_0, 0, 1;
L_0x1b2c2d0 .part v0x1b2b6c0_0, 1, 1;
L_0x1b2c410 .part v0x1b2b6c0_0, 2, 1;
L_0x1b2c5a0 .part/pv L_0x1b2c6a0, 0, 3, 4;
L_0x1b2c700 .part/pv L_0x1b2c830, 3, 1, 4;
S_0x1b2ad20 .scope generate, "genblk1" "genblk1" 3 7, 3 7, S_0x1b2a510;
 .timescale 0 0;
P_0x1b2ae18 .param/l "i" 3 7, +C4<00>;
L_0x1b2b960 .functor XOR 1, L_0x1b2b7a0, L_0x1b2b8c0, C4<0>, C4<0>;
L_0x1b2bbc0 .functor XOR 1, L_0x1b2ba90, RS_0x7efcb50d3618, C4<0>, C4<0>;
v0x1b2aed0_0 .net *"_s0", 0 0, L_0x1b2b7a0; 1 drivers
v0x1b2af70_0 .net *"_s1", 0 0, L_0x1b2b8c0; 1 drivers
v0x1b2b010_0 .net *"_s4", 0 0, L_0x1b2ba90; 1 drivers
S_0x1b2a990 .scope generate, "genblk01" "genblk01" 3 7, 3 7, S_0x1b2a510;
 .timescale 0 0;
P_0x1b2aa88 .param/l "i" 3 7, +C4<01>;
L_0x1b2be00 .functor XOR 1, L_0x1b2bcc0, L_0x1b2bd60, C4<0>, C4<0>;
L_0x1b2bfe0 .functor XOR 1, L_0x1b2bf00, RS_0x7efcb50d3618, C4<0>, C4<0>;
v0x1b2ab40_0 .net *"_s0", 0 0, L_0x1b2bcc0; 1 drivers
v0x1b2abe0_0 .net *"_s1", 0 0, L_0x1b2bd60; 1 drivers
v0x1b2ac80_0 .net *"_s4", 0 0, L_0x1b2bf00; 1 drivers
S_0x1b2a600 .scope generate, "genblk001" "genblk001" 3 7, 3 7, S_0x1b2a510;
 .timescale 0 0;
P_0x1b2a6f8 .param/l "i" 3 7, +C4<010>;
L_0x1b2bb30 .functor XOR 1, L_0x1b2c120, L_0x1b2c2d0, C4<0>, C4<0>;
L_0x1b2c4b0 .functor XOR 1, L_0x1b2c410, RS_0x7efcb50d3618, C4<0>, C4<0>;
v0x1b2a7b0_0 .net *"_s0", 0 0, L_0x1b2c120; 1 drivers
v0x1b2a850_0 .net *"_s1", 0 0, L_0x1b2c2d0; 1 drivers
v0x1b2a8f0_0 .net *"_s4", 0 0, L_0x1b2c410; 1 drivers
S_0x1aea3f0 .scope module, "c1" "paritycheck" 2 18, 4 1, S_0x1aeaa20;
 .timescale 0 0;
RS_0x7efcb50d3318 .resolv tri, L_0x1b2c9d0, L_0x1b2d050, L_0x1b2d700, L_0x1b2dd60;
v0x1b2a260_0 .net8 "c", 0 0, RS_0x7efcb50d3318; 4 drivers
v0x1b2a320_0 .alias "check", 0 0, v0x1b2b4d0_0;
RS_0x7efcb50d3378 .resolv tri, L_0x1b2c7a0, L_0x1b2d2e0, L_0x1b2d6a0, L_0x1b2df90;
v0x1b2a3c0_0 .net8 "d", 0 0, RS_0x7efcb50d3378; 4 drivers
v0x1b2a460_0 .alias "s", 3 0, v0x1b2b570_0;
L_0x1b2c890 .part RS_0x7efcb50d33a8, 0, 1;
L_0x1b2c930 .part RS_0x7efcb50d33a8, 1, 1;
L_0x1b2cad0 .part RS_0x7efcb50d33a8, 2, 1;
L_0x1b2cb70 .part RS_0x7efcb50d33a8, 3, 1;
L_0x1b2cf10 .part RS_0x7efcb50d33a8, 0, 1;
L_0x1b2cfb0 .part RS_0x7efcb50d33a8, 1, 1;
L_0x1b2d150 .part RS_0x7efcb50d33a8, 2, 1;
L_0x1b2d1f0 .part RS_0x7efcb50d33a8, 3, 1;
L_0x1b2d560 .part RS_0x7efcb50d33a8, 0, 1;
L_0x1b2d600 .part RS_0x7efcb50d33a8, 1, 1;
L_0x1b2d760 .part RS_0x7efcb50d33a8, 2, 1;
L_0x1b2d800 .part RS_0x7efcb50d33a8, 3, 1;
L_0x1b2dba0 .part RS_0x7efcb50d33a8, 0, 1;
L_0x1b2dc40 .part RS_0x7efcb50d33a8, 1, 1;
L_0x1b2ddc0 .part RS_0x7efcb50d33a8, 2, 1;
L_0x1b2de60 .part RS_0x7efcb50d33a8, 3, 1;
S_0x1b29e20 .scope generate, "genblk1" "genblk1" 4 5, 4 5, S_0x1aea3f0;
 .timescale 0 0;
P_0x1b29f18 .param/l "i" 4 5, +C4<00>;
L_0x1b2c9d0 .functor XOR 1, L_0x1b2c890, L_0x1b2c930, C4<0>, C4<0>;
L_0x1b2c7a0 .functor XOR 1, L_0x1b2cad0, L_0x1b2cb70, C4<0>, C4<0>;
L_0x1b2cdc0 .functor XOR 1, RS_0x7efcb50d3318, RS_0x7efcb50d3378, C4<0>, C4<0>;
v0x1b29fd0_0 .net *"_s0", 0 0, L_0x1b2c890; 1 drivers
v0x1b2a070_0 .net *"_s1", 0 0, L_0x1b2c930; 1 drivers
v0x1b2a110_0 .net *"_s4", 0 0, L_0x1b2cad0; 1 drivers
v0x1b2a1b0_0 .net *"_s5", 0 0, L_0x1b2cb70; 1 drivers
S_0x1b299e0 .scope generate, "genblk01" "genblk01" 4 5, 4 5, S_0x1aea3f0;
 .timescale 0 0;
P_0x1b29ad8 .param/l "i" 4 5, +C4<01>;
L_0x1b2d050 .functor XOR 1, L_0x1b2cf10, L_0x1b2cfb0, C4<0>, C4<0>;
L_0x1b2d2e0 .functor XOR 1, L_0x1b2d150, L_0x1b2d1f0, C4<0>, C4<0>;
L_0x1b2d3e0 .functor XOR 1, RS_0x7efcb50d3318, RS_0x7efcb50d3378, C4<0>, C4<0>;
v0x1b29b90_0 .net *"_s0", 0 0, L_0x1b2cf10; 1 drivers
v0x1b29c30_0 .net *"_s1", 0 0, L_0x1b2cfb0; 1 drivers
v0x1b29cd0_0 .net *"_s4", 0 0, L_0x1b2d150; 1 drivers
v0x1b29d70_0 .net *"_s5", 0 0, L_0x1b2d1f0; 1 drivers
S_0x1b295a0 .scope generate, "genblk001" "genblk001" 4 5, 4 5, S_0x1aea3f0;
 .timescale 0 0;
P_0x1b29698 .param/l "i" 4 5, +C4<010>;
L_0x1b2d700 .functor XOR 1, L_0x1b2d560, L_0x1b2d600, C4<0>, C4<0>;
L_0x1b2d6a0 .functor XOR 1, L_0x1b2d760, L_0x1b2d800, C4<0>, C4<0>;
L_0x1b2dab0 .functor XOR 1, RS_0x7efcb50d3318, RS_0x7efcb50d3378, C4<0>, C4<0>;
v0x1b29750_0 .net *"_s0", 0 0, L_0x1b2d560; 1 drivers
v0x1b297f0_0 .net *"_s1", 0 0, L_0x1b2d600; 1 drivers
v0x1b29890_0 .net *"_s4", 0 0, L_0x1b2d760; 1 drivers
v0x1b29930_0 .net *"_s5", 0 0, L_0x1b2d800; 1 drivers
S_0x1afbae0 .scope generate, "genblk0001" "genblk0001" 4 5, 4 5, S_0x1aea3f0;
 .timescale 0 0;
P_0x1b0b748 .param/l "i" 4 5, +C4<011>;
L_0x1b2dd60 .functor XOR 1, L_0x1b2dba0, L_0x1b2dc40, C4<0>, C4<0>;
L_0x1b2df90 .functor XOR 1, L_0x1b2ddc0, L_0x1b2de60, C4<0>, C4<0>;
L_0x1b2e090 .functor XOR 1, RS_0x7efcb50d3318, RS_0x7efcb50d3378, C4<0>, C4<0>;
v0x1b0df40_0 .net *"_s0", 0 0, L_0x1b2dba0; 1 drivers
v0x1b293b0_0 .net *"_s1", 0 0, L_0x1b2dc40; 1 drivers
v0x1b29450_0 .net *"_s4", 0 0, L_0x1b2ddc0; 1 drivers
v0x1b294f0_0 .net *"_s5", 0 0, L_0x1b2de60; 1 drivers
    .scope S_0x1aeaa20;
T_0 ;
    %delay 10, 0;
    %set/v v0x1b2b6c0_0, 0, 3;
    %delay 10, 0;
    %movi 8, 1, 3;
    %set/v v0x1b2b6c0_0, 8, 3;
    %delay 10, 0;
    %movi 8, 2, 3;
    %set/v v0x1b2b6c0_0, 8, 3;
    %delay 10, 0;
    %movi 8, 3, 3;
    %set/v v0x1b2b6c0_0, 8, 3;
    %delay 10, 0;
    %movi 8, 4, 3;
    %set/v v0x1b2b6c0_0, 8, 3;
    %delay 10, 0;
    %movi 8, 5, 3;
    %set/v v0x1b2b6c0_0, 8, 3;
    %delay 10, 0;
    %movi 8, 6, 3;
    %set/v v0x1b2b6c0_0, 8, 3;
    %delay 10, 0;
    %set/v v0x1b2b6c0_0, 1, 3;
    %delay 10, 0;
    %vpi_call 2 16 "$finish";
    %end;
    .thread T_0;
    .scope S_0x1aeaa20;
T_1 ;
    %vpi_call 2 20 "$monitor", $time, " s %b p %b f %b check %b", v0x1b2b6c0_0, v0x1b2b640_0, v0x1b2b570_0, v0x1b2b4d0_0;
    %end;
    .thread T_1;
# The file index is used to find the file name in the following table.
:file_names 5;
    "N/A";
    "<interactive>";
    "paritytest.v";
    "paritygen.v";
    "paritycheck.v";
