#! /usr/local/bin/vvp
:ivl_version "0.9.7 " "(v0_9_7)";
:vpi_time_precision + 0;
:vpi_module "system";
:vpi_module "v2005_math";
:vpi_module "va_math";
S_0x127c390 .scope module, "test" "test" 2 1;
 .timescale 0 0;
v0x12c0060_0 .var "a", 3 0;
v0x12c0270_0 .var "b", 3 0;
v0x12c0320_0 .net "n", 0 0, L_0x12c2d50; 1 drivers
v0x12c03d0_0 .net "v", 0 0, L_0x12c2020; 1 drivers
v0x12c0480_0 .net "z", 0 0, L_0x12c3530; 1 drivers
S_0x1297430 .scope module, "c" "compare" 2 4, 3 10, S_0x127c390;
 .timescale 0 0;
P_0x1293278 .param/l "cin" 3 11, C4<1>;
L_0x12bf770 .functor NOT 1, L_0x12c0530, C4<0>, C4<0>, C4<0>;
L_0x12c0740 .functor NOT 1, L_0x12c06a0, C4<0>, C4<0>, C4<0>;
L_0x12c0970 .functor NOT 1, L_0x12c0840, C4<0>, C4<0>, C4<0>;
L_0x12c0ac0 .functor NOT 1, L_0x12c0a20, C4<0>, C4<0>, C4<0>;
L_0x12c2020 .functor XOR 1, L_0x12c2a00, L_0x12c28c0, C4<0>, C4<0>;
L_0x12c2e40 .functor OR 1, L_0x12c2bb0, L_0x12c2f00, C4<0>, C4<0>;
L_0x12c2830 .functor OR 1, L_0x12c2e40, L_0x12c30c0, C4<0>, C4<0>;
L_0x12c2fa0 .functor OR 1, L_0x12c2830, L_0x12c3310, C4<0>, C4<0>;
L_0x12c3530 .functor NOT 1, L_0x12c2fa0, C4<0>, C4<0>, C4<0>;
v0x12bf100_0 .net *"_s1", 0 0, L_0x12c0530; 1 drivers
v0x12bf1c0_0 .net *"_s13", 0 0, L_0x12c0a20; 1 drivers
v0x12bf260_0 .net *"_s49", 0 0, L_0x12c2a00; 1 drivers
v0x12bf300_0 .net *"_s5", 0 0, L_0x12c06a0; 1 drivers
v0x12bf380_0 .net *"_s51", 0 0, L_0x12c28c0; 1 drivers
v0x12bf420_0 .net *"_s57", 0 0, L_0x12c2bb0; 1 drivers
v0x12bf4c0_0 .net *"_s59", 0 0, L_0x12c2f00; 1 drivers
v0x12bf560_0 .net *"_s60", 0 0, L_0x12c2e40; 1 drivers
v0x12bf650_0 .net *"_s63", 0 0, L_0x12c30c0; 1 drivers
v0x12bf6f0_0 .net *"_s64", 0 0, L_0x12c2830; 1 drivers
v0x12bf7f0_0 .net *"_s67", 0 0, L_0x12c3310; 1 drivers
v0x12bf890_0 .net *"_s68", 0 0, L_0x12c2fa0; 1 drivers
v0x12bf9a0_0 .net *"_s9", 0 0, L_0x12c0840; 1 drivers
v0x12bfa40_0 .net "a", 3 0, v0x12c0060_0; 1 drivers
v0x12bfb60_0 .net "b", 3 0, v0x12c0270_0; 1 drivers
v0x12bfc00_0 .net "c", 0 0, L_0x12bf770; 1 drivers
RS_0x7fb7290808e8 .resolv tri, L_0x12c1180, L_0x12c1a00, L_0x12c21d0, L_0x12c2960;
v0x12bfac0_0 .net8 "carry", 3 0, RS_0x7fb7290808e8; 4 drivers
v0x12bfd10_0 .net "d", 0 0, L_0x12c0740; 1 drivers
v0x12bfe30_0 .net "e", 0 0, L_0x12c0970; 1 drivers
v0x12bfeb0_0 .net "f", 0 0, L_0x12c0ac0; 1 drivers
v0x12bfd90_0 .alias "n", 0 0, v0x12c0320_0;
RS_0x7fb729080948 .resolv tri, L_0x12c1090, L_0x12c1860, L_0x12c20b0, L_0x12c2790;
v0x12bffe0_0 .net8 "s", 3 0, RS_0x7fb729080948; 4 drivers
v0x12bff30_0 .alias "v", 0 0, v0x12c03d0_0;
v0x12c0120_0 .alias "z", 0 0, v0x12c0480_0;
L_0x12c0530 .part v0x12c0270_0, 0, 1;
L_0x12c06a0 .part v0x12c0270_0, 1, 1;
L_0x12c0840 .part v0x12c0270_0, 2, 1;
L_0x12c0a20 .part v0x12c0270_0, 3, 1;
L_0x12c0fa0 .part v0x12c0060_0, 0, 1;
L_0x12c1090 .part/pv L_0x12c0c20, 0, 1, 4;
L_0x12c1180 .part/pv L_0x12c0e70, 0, 1, 4;
L_0x12c1680 .part v0x12c0060_0, 1, 1;
L_0x12c1770 .part RS_0x7fb7290808e8, 0, 1;
L_0x12c1860 .part/pv L_0x12c12d0, 1, 1, 4;
L_0x12c1a00 .part/pv L_0x12c1550, 1, 1, 4;
L_0x12c1e50 .part v0x12c0060_0, 2, 1;
L_0x12c1f80 .part RS_0x7fb7290808e8, 1, 1;
L_0x12c20b0 .part/pv L_0x12c1b00, 2, 1, 4;
L_0x12c21d0 .part/pv L_0x12c1d50, 2, 1, 4;
L_0x12c25c0 .part v0x12c0060_0, 3, 1;
L_0x12c26f0 .part RS_0x7fb7290808e8, 2, 1;
L_0x12c2790 .part/pv L_0x12c2270, 3, 1, 4;
L_0x12c2960 .part/pv L_0x12c24c0, 3, 1, 4;
L_0x12c2a00 .part RS_0x7fb7290808e8, 3, 1;
L_0x12c28c0 .part RS_0x7fb7290808e8, 2, 1;
L_0x12c2d50 .part RS_0x7fb729080948, 3, 1;
L_0x12c2bb0 .part RS_0x7fb729080948, 3, 1;
L_0x12c2f00 .part RS_0x7fb729080948, 2, 1;
L_0x12c30c0 .part RS_0x7fb729080948, 1, 1;
L_0x12c3310 .part RS_0x7fb729080948, 0, 1;
S_0x12beac0 .scope module, "f1" "fulladder" 3 18, 3 1, S_0x1297430;
 .timescale 0 0;
L_0x12c0bc0 .functor XOR 1, L_0x12c0fa0, L_0x12bf770, C4<0>, C4<0>;
L_0x12c0c20 .functor XOR 1, C4<1>, L_0x12c0bc0, C4<0>, C4<0>;
L_0x12c0cd0 .functor AND 1, L_0x12c0fa0, L_0x12bf770, C4<1>, C4<1>;
L_0x12c0e10 .functor AND 1, L_0x12c0bc0, C4<1>, C4<1>, C4<1>;
L_0x12c0e70 .functor OR 1, L_0x12c0e10, L_0x12c0cd0, C4<0>, C4<0>;
v0x12bebb0_0 .net "a", 0 0, L_0x12c0fa0; 1 drivers
v0x12bec70_0 .alias "b", 0 0, v0x12bfc00_0;
v0x12bed10_0 .net "c", 0 0, L_0x12c0bc0; 1 drivers
v0x12bedb0_0 .net "cin", 0 0, C4<1>; 1 drivers
v0x12bee30_0 .net "cout", 0 0, L_0x12c0e70; 1 drivers
v0x12beed0_0 .net "e", 0 0, L_0x12c0cd0; 1 drivers
v0x12bef70_0 .net "f", 0 0, L_0x12c0e10; 1 drivers
v0x12bf010_0 .net "s", 0 0, L_0x12c0c20; 1 drivers
S_0x12be480 .scope module, "f2" "fulladder" 3 19, 3 1, S_0x1297430;
 .timescale 0 0;
L_0x12c1270 .functor XOR 1, L_0x12c1680, L_0x12c0740, C4<0>, C4<0>;
L_0x12c12d0 .functor XOR 1, L_0x12c1770, L_0x12c1270, C4<0>, C4<0>;
L_0x12c13b0 .functor AND 1, L_0x12c1680, L_0x12c0740, C4<1>, C4<1>;
L_0x12c14f0 .functor AND 1, L_0x12c1270, L_0x12c1770, C4<1>, C4<1>;
L_0x12c1550 .functor OR 1, L_0x12c14f0, L_0x12c13b0, C4<0>, C4<0>;
v0x12be570_0 .net "a", 0 0, L_0x12c1680; 1 drivers
v0x12be630_0 .alias "b", 0 0, v0x12bfd10_0;
v0x12be6d0_0 .net "c", 0 0, L_0x12c1270; 1 drivers
v0x12be770_0 .net "cin", 0 0, L_0x12c1770; 1 drivers
v0x12be7f0_0 .net "cout", 0 0, L_0x12c1550; 1 drivers
v0x12be890_0 .net "e", 0 0, L_0x12c13b0; 1 drivers
v0x12be930_0 .net "f", 0 0, L_0x12c14f0; 1 drivers
v0x12be9d0_0 .net "s", 0 0, L_0x12c12d0; 1 drivers
S_0x12bde40 .scope module, "f3" "fulladder" 3 20, 3 1, S_0x1297430;
 .timescale 0 0;
L_0x12c1aa0 .functor XOR 1, L_0x12c1e50, L_0x12c0970, C4<0>, C4<0>;
L_0x12c1b00 .functor XOR 1, L_0x12c1f80, L_0x12c1aa0, C4<0>, C4<0>;
L_0x12c1bb0 .functor AND 1, L_0x12c1e50, L_0x12c0970, C4<1>, C4<1>;
L_0x12c1cf0 .functor AND 1, L_0x12c1aa0, L_0x12c1f80, C4<1>, C4<1>;
L_0x12c1d50 .functor OR 1, L_0x12c1cf0, L_0x12c1bb0, C4<0>, C4<0>;
v0x12bdf30_0 .net "a", 0 0, L_0x12c1e50; 1 drivers
v0x12bdff0_0 .alias "b", 0 0, v0x12bfe30_0;
v0x12be090_0 .net "c", 0 0, L_0x12c1aa0; 1 drivers
v0x12be130_0 .net "cin", 0 0, L_0x12c1f80; 1 drivers
v0x12be1b0_0 .net "cout", 0 0, L_0x12c1d50; 1 drivers
v0x12be250_0 .net "e", 0 0, L_0x12c1bb0; 1 drivers
v0x12be2f0_0 .net "f", 0 0, L_0x12c1cf0; 1 drivers
v0x12be390_0 .net "s", 0 0, L_0x12c1b00; 1 drivers
S_0x128fd10 .scope module, "f4" "fulladder" 3 21, 3 1, S_0x1297430;
 .timescale 0 0;
L_0x12c19a0 .functor XOR 1, L_0x12c25c0, L_0x12c0ac0, C4<0>, C4<0>;
L_0x12c2270 .functor XOR 1, L_0x12c26f0, L_0x12c19a0, C4<0>, C4<0>;
L_0x12c2320 .functor AND 1, L_0x12c25c0, L_0x12c0ac0, C4<1>, C4<1>;
L_0x12c2460 .functor AND 1, L_0x12c19a0, L_0x12c26f0, C4<1>, C4<1>;
L_0x12c24c0 .functor OR 1, L_0x12c2460, L_0x12c2320, C4<0>, C4<0>;
v0x12911e0_0 .net "a", 0 0, L_0x12c25c0; 1 drivers
v0x12bd940_0 .alias "b", 0 0, v0x12bfeb0_0;
v0x12bd9e0_0 .net "c", 0 0, L_0x12c19a0; 1 drivers
v0x12bda80_0 .net "cin", 0 0, L_0x12c26f0; 1 drivers
v0x12bdb30_0 .net "cout", 0 0, L_0x12c24c0; 1 drivers
v0x12bdbd0_0 .net "e", 0 0, L_0x12c2320; 1 drivers
v0x12bdcb0_0 .net "f", 0 0, L_0x12c2460; 1 drivers
v0x12bdd50_0 .net "s", 0 0, L_0x12c2270; 1 drivers
    .scope S_0x127c390;
T_0 ;
    %delay 10, 0;
    %movi 8, 13, 4;
    %set/v v0x12c0060_0, 8, 4;
    %movi 8, 10, 4;
    %set/v v0x12c0270_0, 8, 4;
    %delay 10, 0;
    %vpi_call 2 7 "$finish";
    %end;
    .thread T_0;
    .scope S_0x127c390;
T_1 ;
    %vpi_call 2 10 "$monitor", $time, " a %b b %b vnz %b%b%b", v0x12c0060_0, v0x12c0270_0, v0x12c03d0_0, v0x12c0320_0, v0x12c0480_0;
    %end;
    .thread T_1;
# The file index is used to find the file name in the following table.
:file_names 4;
    "N/A";
    "<interactive>";
    "test.v";
    "givencir.v";
