#! /usr/local/bin/vvp
:ivl_version "0.9.7 " "(v0_9_7)";
:vpi_time_precision + 0;
:vpi_module "system";
:vpi_module "v2005_math";
:vpi_module "va_math";
S_0xd22500 .scope module, "test" "test" 2 1;
 .timescale 0 0;
v0xd4d9d0_0 .var "a", 3 0;
v0xd4da70_0 .net "aeb", 0 0, L_0xd52a80; 1 drivers
v0xd4db20_0 .net "agreat", 0 0, L_0xd50bd0; 1 drivers
v0xd4df70_0 .var "b", 3 0;
v0xd4e050_0 .net "bgreat", 0 0, L_0xd52190; 1 drivers
S_0xd21ef0 .scope module, "ci" "comparator" 2 5, 3 1, S_0xd22500;
 .timescale 0 0;
L_0xd4abf0 .functor XOR 1, L_0xd4e200, L_0xd4e2d0, C4<0>, C4<0>;
L_0xd4e460 .functor NOT 1, L_0xd4abf0, C4<0>, C4<0>, C4<0>;
L_0xd4e790 .functor XOR 1, L_0xd4e650, L_0xd4e6f0, C4<0>, C4<0>;
L_0xd4e890 .functor NOT 1, L_0xd4e790, C4<0>, C4<0>, C4<0>;
L_0xd4ec90 .functor XOR 1, L_0xd4ea30, L_0xd4eb60, C4<0>, C4<0>;
L_0xd4ed40 .functor NOT 1, L_0xd4ec90, C4<0>, C4<0>, C4<0>;
L_0xd4ef70 .functor XOR 1, L_0xd4efd0, L_0xd4f070, C4<0>, C4<0>;
L_0xd4f110 .functor NOT 1, L_0xd4ef70, C4<0>, C4<0>, C4<0>;
L_0xd4f420 .functor NOT 1, L_0xd4f300, C4<0>, C4<0>, C4<0>;
L_0xd4f4d0 .functor AND 1, L_0xd4f260, L_0xd4f420, C4<1>, C4<1>;
L_0xd4f800 .functor NOT 1, L_0xd4f6d0, C4<0>, C4<0>, C4<0>;
L_0xd4f860 .functor AND 1, L_0xd4f630, L_0xd4f800, C4<1>, C4<1>;
L_0xd4f5d0 .functor AND 1, L_0xd4f860, L_0xd4f960, C4<1>, C4<1>;
L_0xd4faa0 .functor OR 1, L_0xd4f4d0, L_0xd4f5d0, C4<0>, C4<0>;
L_0xd4f770 .functor AND 1, L_0xd4fba0, L_0xd4fce0, C4<1>, C4<1>;
L_0xd4ead0 .functor AND 1, L_0xd4f770, L_0xd4fe20, C4<1>, C4<1>;
L_0xd4ec00 .functor NOT 1, L_0xd50110, C4<0>, C4<0>, C4<0>;
L_0xd50310 .functor AND 1, L_0xd4ead0, L_0xd4ec00, C4<1>, C4<1>;
L_0xd50080 .functor OR 1, L_0xd4faa0, L_0xd50310, C4<0>, C4<0>;
L_0xd4eee0 .functor AND 1, L_0xd50550, L_0xd4ffd0, C4<1>, C4<1>;
L_0xd50700 .functor AND 1, L_0xd4eee0, L_0xd50410, C4<1>, C4<1>;
L_0xd50ad0 .functor AND 1, L_0xd50700, L_0xd50a30, C4<1>, C4<1>;
L_0xd50910 .functor NOT 1, L_0xd50860, C4<0>, C4<0>, C4<0>;
L_0xd50d70 .functor AND 1, L_0xd50ad0, L_0xd50910, C4<1>, C4<1>;
L_0xd50bd0 .functor OR 1, L_0xd50080, L_0xd50d70, C4<0>, C4<0>;
L_0xd50c90 .functor NOT 1, L_0xd51080, C4<0>, C4<0>, C4<0>;
L_0xd50e70 .functor AND 1, L_0xd50fe0, L_0xd50c90, C4<1>, C4<1>;
L_0xd51120 .functor NOT 1, L_0xd513e0, C4<0>, C4<0>, C4<0>;
L_0xd511d0 .functor AND 1, L_0xd51340, L_0xd51120, C4<1>, C4<1>;
L_0xd51710 .functor AND 1, L_0xd511d0, L_0xd51670, C4<1>, C4<1>;
L_0xd51580 .functor OR 1, L_0xd50e70, L_0xd51710, C4<0>, C4<0>;
L_0xd51520 .functor AND 1, L_0xd51960, L_0xd51480, C4<1>, C4<1>;
L_0xd518b0 .functor AND 1, L_0xd51520, L_0xd51810, C4<1>, C4<1>;
L_0xd51aa0 .functor NOT 1, L_0xd51de0, C4<0>, C4<0>, C4<0>;
L_0xd51bb0 .functor AND 1, L_0xd518b0, L_0xd51aa0, C4<1>, C4<1>;
L_0xd51ff0 .functor OR 1, L_0xd51580, L_0xd51bb0, C4<0>, C4<0>;
L_0xd51f70 .functor AND 1, L_0xd51ed0, L_0xd51cc0, C4<1>, C4<1>;
L_0xd505f0 .functor AND 1, L_0xd51f70, L_0xd523a0, C4<1>, C4<1>;
L_0xd522d0 .functor AND 1, L_0xd505f0, L_0xd52230, C4<1>, C4<1>;
L_0xd52650 .functor NOT 1, L_0xd52830, C4<0>, C4<0>, C4<0>;
L_0xd52700 .functor AND 1, L_0xd522d0, L_0xd52650, C4<1>, C4<1>;
L_0xd52190 .functor OR 1, L_0xd51ff0, L_0xd52700, C4<0>, C4<0>;
L_0xd52a20 .functor OR 1, L_0xd50bd0, L_0xd52190, C4<0>, C4<0>;
L_0xd52a80 .functor NOT 1, L_0xd52a20, C4<0>, C4<0>, C4<0>;
v0xd1bc00_0 .net *"_s103", 0 0, L_0xd50fe0; 1 drivers
v0xd4a5d0_0 .net *"_s105", 0 0, L_0xd51080; 1 drivers
v0xd4a670_0 .net *"_s106", 0 0, L_0xd50c90; 1 drivers
v0xd4a710_0 .net *"_s108", 0 0, L_0xd50e70; 1 drivers
v0xd4a7c0_0 .net *"_s111", 0 0, L_0xd51340; 1 drivers
v0xd4a860_0 .net *"_s113", 0 0, L_0xd513e0; 1 drivers
v0xd4a940_0 .net *"_s114", 0 0, L_0xd51120; 1 drivers
v0xd4a9e0_0 .net *"_s116", 0 0, L_0xd511d0; 1 drivers
v0xd4aad0_0 .net *"_s119", 0 0, L_0xd51670; 1 drivers
v0xd4ab70_0 .net *"_s120", 0 0, L_0xd51710; 1 drivers
v0xd4ac70_0 .net *"_s122", 0 0, L_0xd51580; 1 drivers
v0xd4ad10_0 .net *"_s125", 0 0, L_0xd51960; 1 drivers
v0xd4ae20_0 .net *"_s127", 0 0, L_0xd51480; 1 drivers
v0xd4aec0_0 .net *"_s128", 0 0, L_0xd51520; 1 drivers
v0xd4afe0_0 .net *"_s13", 0 0, L_0xd4e650; 1 drivers
v0xd4b080_0 .net *"_s131", 0 0, L_0xd51810; 1 drivers
v0xd4af40_0 .net *"_s132", 0 0, L_0xd518b0; 1 drivers
v0xd4b1d0_0 .net *"_s135", 0 0, L_0xd51de0; 1 drivers
v0xd4b2f0_0 .net *"_s136", 0 0, L_0xd51aa0; 1 drivers
v0xd4b370_0 .net *"_s138", 0 0, L_0xd51bb0; 1 drivers
v0xd4b250_0 .net *"_s140", 0 0, L_0xd51ff0; 1 drivers
v0xd4b4a0_0 .net *"_s143", 0 0, L_0xd51ed0; 1 drivers
v0xd4b3f0_0 .net *"_s145", 0 0, L_0xd51cc0; 1 drivers
v0xd4b5e0_0 .net *"_s146", 0 0, L_0xd51f70; 1 drivers
v0xd4b540_0 .net *"_s149", 0 0, L_0xd523a0; 1 drivers
v0xd4b730_0 .net *"_s15", 0 0, L_0xd4e6f0; 1 drivers
v0xd4b680_0 .net *"_s150", 0 0, L_0xd505f0; 1 drivers
v0xd4b890_0 .net *"_s153", 0 0, L_0xd52230; 1 drivers
v0xd4b7d0_0 .net *"_s154", 0 0, L_0xd522d0; 1 drivers
v0xd4ba00_0 .net *"_s157", 0 0, L_0xd52830; 1 drivers
v0xd4b910_0 .net *"_s158", 0 0, L_0xd52650; 1 drivers
v0xd4bb80_0 .net *"_s16", 0 0, L_0xd4e790; 1 drivers
v0xd4ba80_0 .net *"_s160", 0 0, L_0xd52700; 1 drivers
v0xd4bd10_0 .net *"_s164", 0 0, L_0xd52a20; 1 drivers
v0xd4bc00_0 .net *"_s18", 0 0, L_0xd4e890; 1 drivers
v0xd4beb0_0 .net *"_s23", 0 0, L_0xd4ea30; 1 drivers
v0xd4bd90_0 .net *"_s25", 0 0, L_0xd4eb60; 1 drivers
v0xd4be30_0 .net *"_s26", 0 0, L_0xd4ec90; 1 drivers
v0xd4c070_0 .net *"_s28", 0 0, L_0xd4ed40; 1 drivers
v0xd4c0f0_0 .net *"_s3", 0 0, L_0xd4e200; 1 drivers
v0xd4bf30_0 .net *"_s33", 0 0, L_0xd4efd0; 1 drivers
v0xd4bfd0_0 .net *"_s35", 0 0, L_0xd4f070; 1 drivers
v0xd4c2d0_0 .net *"_s36", 0 0, L_0xd4ef70; 1 drivers
v0xd4c350_0 .net *"_s38", 0 0, L_0xd4f110; 1 drivers
v0xd4c170_0 .net *"_s41", 0 0, L_0xd4f260; 1 drivers
v0xd4c210_0 .net *"_s43", 0 0, L_0xd4f300; 1 drivers
v0xd4c550_0 .net *"_s44", 0 0, L_0xd4f420; 1 drivers
v0xd4c5d0_0 .net *"_s46", 0 0, L_0xd4f4d0; 1 drivers
v0xd4c3f0_0 .net *"_s49", 0 0, L_0xd4f630; 1 drivers
v0xd4c490_0 .net *"_s5", 0 0, L_0xd4e2d0; 1 drivers
v0xd4c7f0_0 .net *"_s51", 0 0, L_0xd4f6d0; 1 drivers
v0xd4c870_0 .net *"_s52", 0 0, L_0xd4f800; 1 drivers
v0xd4c670_0 .net *"_s54", 0 0, L_0xd4f860; 1 drivers
v0xd4c710_0 .net *"_s57", 0 0, L_0xd4f960; 1 drivers
v0xd4cab0_0 .net *"_s58", 0 0, L_0xd4f5d0; 1 drivers
v0xd4cb30_0 .net *"_s6", 0 0, L_0xd4abf0; 1 drivers
v0xd4c8f0_0 .net *"_s60", 0 0, L_0xd4faa0; 1 drivers
v0xd4c990_0 .net *"_s63", 0 0, L_0xd4fba0; 1 drivers
v0xd4ca30_0 .net *"_s65", 0 0, L_0xd4fce0; 1 drivers
v0xd4cdb0_0 .net *"_s66", 0 0, L_0xd4f770; 1 drivers
v0xd4cbd0_0 .net *"_s69", 0 0, L_0xd4fe20; 1 drivers
v0xd4cc70_0 .net *"_s70", 0 0, L_0xd4ead0; 1 drivers
v0xd4cd10_0 .net *"_s73", 0 0, L_0xd50110; 1 drivers
v0xd4d050_0 .net *"_s74", 0 0, L_0xd4ec00; 1 drivers
v0xd4ce50_0 .net *"_s76", 0 0, L_0xd50310; 1 drivers
v0xd4cef0_0 .net *"_s78", 0 0, L_0xd50080; 1 drivers
v0xd4cf90_0 .net *"_s8", 0 0, L_0xd4e460; 1 drivers
v0xd4d2f0_0 .net *"_s81", 0 0, L_0xd50550; 1 drivers
v0xd4d0f0_0 .net *"_s83", 0 0, L_0xd4ffd0; 1 drivers
v0xd4d190_0 .net *"_s84", 0 0, L_0xd4eee0; 1 drivers
v0xd4d230_0 .net *"_s87", 0 0, L_0xd50410; 1 drivers
v0xd4d5b0_0 .net *"_s88", 0 0, L_0xd50700; 1 drivers
v0xd4d370_0 .net *"_s91", 0 0, L_0xd50a30; 1 drivers
v0xd4d410_0 .net *"_s92", 0 0, L_0xd50ad0; 1 drivers
v0xd4d4b0_0 .net *"_s95", 0 0, L_0xd50860; 1 drivers
v0xd4d890_0 .net *"_s96", 0 0, L_0xd50910; 1 drivers
v0xd4d630_0 .net *"_s98", 0 0, L_0xd50d70; 1 drivers
v0xd4d6d0_0 .net "a", 3 0, v0xd4d9d0_0; 1 drivers
v0xd4d770_0 .alias "aeb", 0 0, v0xd4da70_0;
v0xd4d810_0 .alias "agreat", 0 0, v0xd4db20_0;
v0xd4dba0_0 .net "b", 3 0, v0xd4df70_0; 1 drivers
v0xd4dc20_0 .alias "bgreat", 0 0, v0xd4e050_0;
RS_0x7fd2f1967f78 .resolv tri, L_0xd4e100, L_0xd4e560, L_0xd4e990, L_0xd4ee40;
v0xd4d930_0 .net8 "e", 3 0, RS_0x7fd2f1967f78; 4 drivers
L_0xd4e100 .part/pv L_0xd4e460, 3, 1, 4;
L_0xd4e200 .part v0xd4d9d0_0, 3, 1;
L_0xd4e2d0 .part v0xd4df70_0, 3, 1;
L_0xd4e560 .part/pv L_0xd4e890, 2, 1, 4;
L_0xd4e650 .part v0xd4d9d0_0, 2, 1;
L_0xd4e6f0 .part v0xd4df70_0, 2, 1;
L_0xd4e990 .part/pv L_0xd4ed40, 1, 1, 4;
L_0xd4ea30 .part v0xd4d9d0_0, 1, 1;
L_0xd4eb60 .part v0xd4df70_0, 1, 1;
L_0xd4ee40 .part/pv L_0xd4f110, 0, 1, 4;
L_0xd4efd0 .part v0xd4d9d0_0, 0, 1;
L_0xd4f070 .part v0xd4df70_0, 0, 1;
L_0xd4f260 .part v0xd4d9d0_0, 3, 1;
L_0xd4f300 .part v0xd4df70_0, 3, 1;
L_0xd4f630 .part v0xd4d9d0_0, 2, 1;
L_0xd4f6d0 .part v0xd4df70_0, 2, 1;
L_0xd4f960 .part RS_0x7fd2f1967f78, 3, 1;
L_0xd4fba0 .part RS_0x7fd2f1967f78, 3, 1;
L_0xd4fce0 .part RS_0x7fd2f1967f78, 2, 1;
L_0xd4fe20 .part v0xd4d9d0_0, 1, 1;
L_0xd50110 .part v0xd4df70_0, 1, 1;
L_0xd50550 .part RS_0x7fd2f1967f78, 1, 1;
L_0xd4ffd0 .part RS_0x7fd2f1967f78, 2, 1;
L_0xd50410 .part RS_0x7fd2f1967f78, 3, 1;
L_0xd50a30 .part v0xd4d9d0_0, 0, 1;
L_0xd50860 .part v0xd4df70_0, 0, 1;
L_0xd50fe0 .part v0xd4df70_0, 3, 1;
L_0xd51080 .part v0xd4d9d0_0, 3, 1;
L_0xd51340 .part v0xd4df70_0, 2, 1;
L_0xd513e0 .part v0xd4d9d0_0, 2, 1;
L_0xd51670 .part RS_0x7fd2f1967f78, 3, 1;
L_0xd51960 .part RS_0x7fd2f1967f78, 3, 1;
L_0xd51480 .part RS_0x7fd2f1967f78, 2, 1;
L_0xd51810 .part v0xd4df70_0, 1, 1;
L_0xd51de0 .part v0xd4d9d0_0, 1, 1;
L_0xd51ed0 .part RS_0x7fd2f1967f78, 1, 1;
L_0xd51cc0 .part RS_0x7fd2f1967f78, 2, 1;
L_0xd523a0 .part RS_0x7fd2f1967f78, 3, 1;
L_0xd52230 .part v0xd4df70_0, 0, 1;
L_0xd52830 .part v0xd4d9d0_0, 0, 1;
    .scope S_0xd22500;
T_0 ;
    %delay 10, 0;
    %movi 8, 14, 4;
    %set/v v0xd4d9d0_0, 8, 4;
    %movi 8, 7, 4;
    %set/v v0xd4df70_0, 8, 4;
    %delay 10, 0;
    %movi 8, 1, 4;
    %set/v v0xd4d9d0_0, 8, 4;
    %movi 8, 4, 4;
    %set/v v0xd4df70_0, 8, 4;
    %delay 10, 0;
    %movi 8, 3, 4;
    %set/v v0xd4d9d0_0, 8, 4;
    %movi 8, 3, 4;
    %set/v v0xd4df70_0, 8, 4;
    %delay 10, 0;
    %vpi_call 2 10 "$finish";
    %end;
    .thread T_0;
    .scope S_0xd22500;
T_1 ;
    %vpi_call 2 13 "$monitor", $time, " %b %b compare a>b a<b a=b %b %b %b", v0xd4d9d0_0, v0xd4df70_0, v0xd4db20_0, v0xd4e050_0, v0xd4da70_0;
    %end;
    .thread T_1;
# The file index is used to find the file name in the following table.
:file_names 4;
    "N/A";
    "<interactive>";
    "test.v";
    "comparator.v";
